<?xml version="1.0" encoding="utf-8"?>
<CoverageSession xmlns:xsd="http://www.w3.org/2001/XMLSchema" xmlns:xsi="http://www.w3.org/2001/XMLSchema-instance" Version="4.7.1221.0">
  <Summary numSequencePoints="50" visitedSequencePoints="48" numBranchPoints="8" visitedBranchPoints="5" sequenceCoverage="96" branchCoverage="62.5" maxCyclomaticComplexity="4" minCyclomaticComplexity="0" maxCrapScore="4" minCrapScore="0" visitedClasses="1" numClasses="2" visitedMethods="3" numMethods="4" />
  <Modules>
    <Module skippedDueTo="Filter" hash="3B-15-C4-51-09-CB-B6-1B-16-00-BA-FE-DE-52-75-F1-94-79-34-C5">
      <ModulePath>C:\Program Files\dotnet\shared\Microsoft.NETCore.App\6.0.8\System.Private.CoreLib.dll</ModulePath>
      <ModuleTime>2022-07-22T18:46:18Z</ModuleTime>
      <ModuleName>System.Private.CoreLib</ModuleName>
      <Classes />
    </Module>
    <Module skippedDueTo="Filter" hash="CF-54-EA-D5-04-48-26-AC-4B-06-F6-C7-61-5E-60-F0-B1-75-70-1A">
      <ModulePath>C:\Program Files\dotnet\sdk\6.0.400\dotnet.dll</ModulePath>
      <ModuleTime>2022-07-22T19:22:24Z</ModuleTime>
      <ModuleName>dotnet</ModuleName>
      <Classes />
    </Module>
    <Module skippedDueTo="Filter" hash="FA-1C-C2-1B-68-7C-23-9B-2D-4B-A2-76-C5-38-D6-C3-3B-DE-60-45">
      <ModulePath>C:\Program Files\dotnet\shared\Microsoft.NETCore.App\6.0.8\System.Runtime.dll</ModulePath>
      <ModuleTime>2022-07-22T18:46:32Z</ModuleTime>
      <ModuleName>System.Runtime</ModuleName>
      <Classes />
    </Module>
    <Module skippedDueTo="Filter" hash="B9-42-D9-B5-4A-08-B2-68-E4-8E-CC-E2-ED-F1-5F-E0-F2-78-3D-D4">
      <ModulePath>C:\Program Files\dotnet\shared\Microsoft.NETCore.App\6.0.8\System.Diagnostics.Tracing.dll</ModulePath>
      <ModuleTime>2022-07-22T18:46:30Z</ModuleTime>
      <ModuleName>System.Diagnostics.Tracing</ModuleName>
      <Classes />
    </Module>
    <Module skippedDueTo="Filter" hash="74-67-4A-EF-BD-27-17-EF-E0-8A-D8-24-5D-41-53-C2-06-87-64-CD">
      <ModulePath>C:\Program Files\dotnet\shared\Microsoft.NETCore.App\6.0.8\System.Diagnostics.Process.dll</ModulePath>
      <ModuleTime>2022-07-22T18:45:52Z</ModuleTime>
      <ModuleName>System.Diagnostics.Process</ModuleName>
      <Classes />
    </Module>
    <Module skippedDueTo="Filter" hash="AA-5E-1B-B4-6F-85-AB-31-01-80-08-FF-FC-E7-D1-92-9B-74-36-57">
      <ModulePath>C:\Program Files\dotnet\shared\Microsoft.NETCore.App\6.0.8\System.ComponentModel.Primitives.dll</ModulePath>
      <ModuleTime>2022-07-22T18:45:52Z</ModuleTime>
      <ModuleName>System.ComponentModel.Primitives</ModuleName>
      <Classes />
    </Module>
    <Module skippedDueTo="Filter" hash="EB-97-8B-1F-1D-62-23-66-8D-BA-35-61-AF-9A-C1-E1-C6-A6-E5-AD">
      <ModulePath>C:\Program Files\dotnet\sdk\6.0.400\Microsoft.DotNet.Cli.Utils.dll</ModulePath>
      <ModuleTime>2022-07-22T19:22:24Z</ModuleTime>
      <ModuleName>Microsoft.DotNet.Cli.Utils</ModuleName>
      <Classes />
    </Module>
    <Module skippedDueTo="Filter" hash="45-94-7F-80-47-1E-F4-37-48-3E-F6-EB-DC-EE-AD-D5-71-B5-6C-81">
      <ModulePath>C:\Program Files\dotnet\sdk\6.0.400\System.CommandLine.dll</ModulePath>
      <ModuleTime>2022-07-22T19:22:34Z</ModuleTime>
      <ModuleName>System.CommandLine</ModuleName>
      <Classes />
    </Module>
    <Module skippedDueTo="Filter" hash="AE-77-C8-B2-B9-23-3E-6E-1C-3A-FF-62-0A-14-7D-80-66-07-E4-D6">
      <ModulePath>C:\Program Files\dotnet\sdk\6.0.400\Microsoft.DotNet.InternalAbstractions.dll</ModulePath>
      <ModuleTime>2022-07-22T19:22:24Z</ModuleTime>
      <ModuleName>Microsoft.DotNet.InternalAbstractions</ModuleName>
      <Classes />
    </Module>
    <Module skippedDueTo="Filter" hash="21-9F-70-1E-0C-2C-69-D6-6B-FF-B5-F8-25-94-4B-D3-ED-65-86-C2">
      <ModulePath>C:\Program Files\dotnet\shared\Microsoft.NETCore.App\6.0.8\netstandard.dll</ModulePath>
      <ModuleTime>2022-07-22T18:45:22Z</ModuleTime>
      <ModuleName>netstandard</ModuleName>
      <Classes />
    </Module>
    <Module skippedDueTo="Filter" hash="69-A4-94-5D-65-82-2E-70-60-82-6B-CD-69-83-5D-5C-9A-75-15-F6">
      <ModulePath>C:\Program Files\dotnet\shared\Microsoft.NETCore.App\6.0.8\Microsoft.Win32.Primitives.dll</ModulePath>
      <ModuleTime>2022-07-22T18:45:46Z</ModuleTime>
      <ModuleName>Microsoft.Win32.Primitives</ModuleName>
      <Classes />
    </Module>
    <Module skippedDueTo="Filter" hash="B6-20-00-5C-73-82-14-75-6A-AC-A0-41-57-F1-22-B6-8E-7B-33-E2">
      <ModulePath>C:\Program Files\dotnet\shared\Microsoft.NETCore.App\6.0.8\System.Runtime.InteropServices.dll</ModulePath>
      <ModuleTime>2022-07-22T18:46:18Z</ModuleTime>
      <ModuleName>System.Runtime.InteropServices</ModuleName>
      <Classes />
    </Module>
    <Module skippedDueTo="Filter" hash="34-A7-40-0C-86-9C-A5-BC-3D-7C-18-69-2B-D0-DF-11-90-49-18-A8">
      <ModulePath>C:\Program Files\dotnet\shared\Microsoft.NETCore.App\6.0.8\System.Runtime.InteropServices.RuntimeInformation.dll</ModulePath>
      <ModuleTime>2022-07-22T18:46:18Z</ModuleTime>
      <ModuleName>System.Runtime.InteropServices.RuntimeInformation</ModuleName>
      <Classes />
    </Module>
    <Module skippedDueTo="Filter" hash="D1-6F-7B-12-1A-15-68-48-E4-89-9D-9E-78-ED-61-6E-5E-B8-30-DB">
      <ModulePath>C:\Program Files\dotnet\shared\Microsoft.NETCore.App\6.0.8\System.Text.Encoding.CodePages.dll</ModulePath>
      <ModuleTime>2022-07-22T18:46:22Z</ModuleTime>
      <ModuleName>System.Text.Encoding.CodePages</ModuleName>
      <Classes />
    </Module>
    <Module skippedDueTo="Filter" hash="A4-18-D6-27-B7-ED-68-DD-E3-0D-FA-FE-A8-9F-87-78-A4-3B-1E-49">
      <ModulePath>C:\Program Files\dotnet\shared\Microsoft.NETCore.App\6.0.8\System.Collections.dll</ModulePath>
      <ModuleTime>2022-07-22T18:45:46Z</ModuleTime>
      <ModuleName>System.Collections</ModuleName>
      <Classes />
    </Module>
    <Module skippedDueTo="Filter" hash="82-D8-50-E8-FB-7E-E1-EC-9F-A3-49-51-3E-54-56-4C-D9-B4-0C-95">
      <ModulePath>C:\Program Files\dotnet\shared\Microsoft.NETCore.App\6.0.8\System.Threading.dll</ModulePath>
      <ModuleTime>2022-07-22T18:46:22Z</ModuleTime>
      <ModuleName>System.Threading</ModuleName>
      <Classes />
    </Module>
    <Module skippedDueTo="Filter" hash="70-2F-A6-DC-77-54-1F-AE-0F-C3-A6-EC-CA-04-0A-C3-AD-41-15-8C">
      <ModulePath>C:\Program Files\dotnet\sdk\6.0.400\Microsoft.DotNet.Configurer.dll</ModulePath>
      <ModuleTime>2022-07-22T19:22:24Z</ModuleTime>
      <ModuleName>Microsoft.DotNet.Configurer</ModuleName>
      <Classes />
    </Module>
    <Module skippedDueTo="Filter" hash="4F-28-86-24-05-4A-69-94-4C-E8-6A-2B-37-1B-7C-67-F4-63-1F-97">
      <ModulePath>C:\Program Files\dotnet\sdk\6.0.400\NuGet.Frameworks.dll</ModulePath>
      <ModuleTime>2022-07-22T19:22:32Z</ModuleTime>
      <ModuleName>NuGet.Frameworks</ModuleName>
      <Classes />
    </Module>
    <Module skippedDueTo="Filter" hash="0D-D7-24-9D-F3-83-7A-74-58-96-E5-33-DE-0D-18-CB-8D-E3-37-71">
      <ModulePath>C:\Program Files\dotnet\shared\Microsoft.NETCore.App\6.0.8\System.Console.dll</ModulePath>
      <ModuleTime>2022-07-22T18:45:48Z</ModuleTime>
      <ModuleName>System.Console</ModuleName>
      <Classes />
    </Module>
    <Module skippedDueTo="Filter" hash="0B-BA-7C-6A-AB-C3-BE-22-0A-1D-99-18-27-8D-CD-2C-51-FD-BE-8B">
      <ModulePath>C:\Program Files\dotnet\shared\Microsoft.NETCore.App\6.0.8\System.ComponentModel.dll</ModulePath>
      <ModuleTime>2022-07-22T18:45:50Z</ModuleTime>
      <ModuleName>System.ComponentModel</ModuleName>
      <Classes />
    </Module>
    <Module skippedDueTo="Filter" hash="D4-52-CB-88-A4-2A-02-DC-91-79-11-33-5A-CA-C6-BB-B2-A1-1A-F9">
      <ModulePath>C:\Program Files\dotnet\shared\Microsoft.NETCore.App\6.0.8\System.Collections.Concurrent.dll</ModulePath>
      <ModuleTime>2022-07-22T18:45:52Z</ModuleTime>
      <ModuleName>System.Collections.Concurrent</ModuleName>
      <Classes />
    </Module>
    <Module skippedDueTo="Filter" hash="5C-42-EC-60-46-B7-54-FE-84-9E-B5-D8-4A-44-C9-24-5A-C7-DD-AF">
      <ModulePath>C:\Program Files\dotnet\shared\Microsoft.NETCore.App\6.0.8\System.Linq.dll</ModulePath>
      <ModuleTime>2022-07-22T18:46:12Z</ModuleTime>
      <ModuleName>System.Linq</ModuleName>
      <Classes />
    </Module>
    <Module skippedDueTo="Filter" hash="43-F6-46-06-54-1B-0D-35-C4-1F-AB-62-B2-91-7F-36-AF-87-07-10">
      <ModulePath>C:\Program Files\dotnet\shared\Microsoft.NETCore.App\6.0.8\System.Memory.dll</ModulePath>
      <ModuleTime>2022-07-22T18:46:12Z</ModuleTime>
      <ModuleName>System.Memory</ModuleName>
      <Classes />
    </Module>
    <Module skippedDueTo="Filter" hash="59-7B-71-11-71-73-99-F8-28-3E-FD-AF-4B-10-AA-49-AD-77-1B-EE">
      <ModulePath>C:\Program Files\dotnet\shared\Microsoft.NETCore.App\6.0.8\System.Net.Primitives.dll</ModulePath>
      <ModuleTime>2022-07-22T18:46:14Z</ModuleTime>
      <ModuleName>System.Net.Primitives</ModuleName>
      <Classes />
    </Module>
    <Module skippedDueTo="Filter" hash="AF-66-9B-A4-F8-1B-7F-61-4B-8A-33-5C-C5-6B-36-90-37-DF-95-4C">
      <ModulePath>C:\Program Files\dotnet\shared\Microsoft.NETCore.App\6.0.8\System.Private.Uri.dll</ModulePath>
      <ModuleTime>2022-07-22T18:46:14Z</ModuleTime>
      <ModuleName>System.Private.Uri</ModuleName>
      <Classes />
    </Module>
    <Module skippedDueTo="Filter" hash="1A-D6-A1-BE-D7-55-BD-EE-A0-5B-5F-81-BE-89-3E-CA-CC-98-B9-26">
      <ModulePath>C:\Program Files\dotnet\shared\Microsoft.NETCore.App\6.0.8\System.Runtime.Serialization.Formatters.dll</ModulePath>
      <ModuleTime>2022-07-22T18:46:18Z</ModuleTime>
      <ModuleName>System.Runtime.Serialization.Formatters</ModuleName>
      <Classes />
    </Module>
    <Module skippedDueTo="Filter" hash="56-2A-11-24-B6-47-67-19-8B-04-DA-20-32-53-6D-BF-81-6C-77-21">
      <ModulePath>C:\Program Files\dotnet\shared\Microsoft.NETCore.App\6.0.8\System.Text.Encoding.Extensions.dll</ModulePath>
      <ModuleTime>2022-07-22T18:46:36Z</ModuleTime>
      <ModuleName>System.Text.Encoding.Extensions</ModuleName>
      <Classes />
    </Module>
    <Module skippedDueTo="Filter" hash="63-65-2F-58-37-A3-F2-A9-1A-69-C0-81-A9-B9-11-9C-0F-BA-5A-95">
      <ModulePath>C:\Program Files\dotnet\shared\Microsoft.NETCore.App\6.0.8\System.Runtime.CompilerServices.Unsafe.dll</ModulePath>
      <ModuleTime>2022-07-22T18:46:16Z</ModuleTime>
      <ModuleName>System.Runtime.CompilerServices.Unsafe</ModuleName>
      <Classes />
    </Module>
    <Module skippedDueTo="Filter" hash="4E-44-59-A2-D1-7B-72-A3-48-BD-D3-7B-04-95-32-EA-A4-D9-84-40">
      <ModulePath>C:\Program Files\dotnet\sdk\6.0.400\Microsoft.ApplicationInsights.dll</ModulePath>
      <ModuleTime>2022-07-22T19:19:26Z</ModuleTime>
      <ModuleName>Microsoft.ApplicationInsights</ModuleName>
      <Classes />
    </Module>
    <Module skippedDueTo="Filter" hash="D6-5F-91-9B-5F-7C-34-16-EE-38-56-13-06-53-B3-93-BA-07-44-E4">
      <ModulePath>C:\Program Files\dotnet\shared\Microsoft.NETCore.App\6.0.8\System.Security.Cryptography.Algorithms.dll</ModulePath>
      <ModuleTime>2022-07-22T18:46:20Z</ModuleTime>
      <ModuleName>System.Security.Cryptography.Algorithms</ModuleName>
      <Classes />
    </Module>
    <Module skippedDueTo="Filter" hash="82-B5-7D-8C-84-9E-CF-AB-4B-65-A6-3A-36-D5-89-B0-88-DA-86-9D">
      <ModulePath>C:\Program Files\dotnet\shared\Microsoft.NETCore.App\6.0.8\System.Security.Cryptography.Primitives.dll</ModulePath>
      <ModuleTime>2022-07-22T18:46:22Z</ModuleTime>
      <ModuleName>System.Security.Cryptography.Primitives</ModuleName>
      <Classes />
    </Module>
    <Module skippedDueTo="Filter" hash="F9-97-62-E2-0B-94-78-81-B2-67-68-16-5F-C6-4A-E3-B5-99-C5-97">
      <ModulePath>C:\Program Files\dotnet\shared\Microsoft.NETCore.App\6.0.8\System.Reflection.Extensions.dll</ModulePath>
      <ModuleTime>2022-07-22T18:44:54Z</ModuleTime>
      <ModuleName>System.Reflection.Extensions</ModuleName>
      <Classes />
    </Module>
    <Module skippedDueTo="Filter" hash="9B-ED-58-39-6D-41-C9-0B-0E-14-AC-71-C1-85-67-E0-49-F8-83-FE">
      <ModulePath>C:\Program Files\dotnet\shared\Microsoft.NETCore.App\6.0.8\System.Reflection.dll</ModulePath>
      <ModuleTime>2022-07-22T18:46:32Z</ModuleTime>
      <ModuleName>System.Reflection</ModuleName>
      <Classes />
    </Module>
    <Module skippedDueTo="Filter" hash="26-70-78-CF-1E-CE-3F-5E-AD-C8-19-C0-5D-E0-65-8A-42-10-C7-85">
      <ModulePath>C:\Program Files\dotnet\shared\Microsoft.NETCore.App\6.0.8\System.Xml.XDocument.dll</ModulePath>
      <ModuleTime>2022-07-22T18:45:30Z</ModuleTime>
      <ModuleName>System.Xml.XDocument</ModuleName>
      <Classes />
    </Module>
    <Module skippedDueTo="Filter" hash="E2-12-B7-9D-95-7F-4B-43-74-F8-9E-03-32-49-0B-2E-15-32-3E-07">
      <ModulePath>C:\Program Files\dotnet\shared\Microsoft.NETCore.App\6.0.8\System.Private.Xml.Linq.dll</ModulePath>
      <ModuleTime>2022-07-22T18:46:16Z</ModuleTime>
      <ModuleName>System.Private.Xml.Linq</ModuleName>
      <Classes />
    </Module>
    <Module skippedDueTo="Filter" hash="1A-17-8B-AC-CF-BF-0F-90-67-A3-1C-C3-36-5D-06-04-D6-0D-92-E3">
      <ModulePath>C:\Program Files\dotnet\shared\Microsoft.NETCore.App\6.0.8\System.Threading.Thread.dll</ModulePath>
      <ModuleTime>2022-07-22T18:46:34Z</ModuleTime>
      <ModuleName>System.Threading.Thread</ModuleName>
      <Classes />
    </Module>
    <Module skippedDueTo="Filter" hash="AC-87-87-11-27-13-B7-AC-AC-AF-DF-03-8C-E7-38-F3-DB-6F-08-B7">
      <ModulePath>C:\Program Files\dotnet\shared\Microsoft.NETCore.App\6.0.8\System.Private.Xml.dll</ModulePath>
      <ModuleTime>2022-07-22T18:46:16Z</ModuleTime>
      <ModuleName>System.Private.Xml</ModuleName>
      <Classes />
    </Module>
    <Module skippedDueTo="Filter" hash="A4-F9-37-D5-6D-5D-33-51-32-15-A8-93-33-52-C9-5A-10-8C-7C-3B">
      <ModulePath>C:\Program Files\dotnet\sdk\6.0.400\Microsoft.Build.Framework.dll</ModulePath>
      <ModuleTime>2022-07-22T19:22:24Z</ModuleTime>
      <ModuleName>Microsoft.Build.Framework</ModuleName>
      <Classes />
    </Module>
    <Module skippedDueTo="Filter" hash="14-F8-F6-AA-3F-1F-D6-16-56-57-D3-FB-B0-C8-04-11-91-36-18-09">
      <ModulePath>C:\Program Files\dotnet\shared\Microsoft.NETCore.App\6.0.8\System.Xml.ReaderWriter.dll</ModulePath>
      <ModuleTime>2022-07-22T18:45:30Z</ModuleTime>
      <ModuleName>System.Xml.ReaderWriter</ModuleName>
      <Classes />
    </Module>
    <Module skippedDueTo="Filter" hash="57-F7-CE-E0-C2-78-48-E0-D2-6C-8E-DC-25-0A-9A-47-B5-DD-D4-12">
      <ModulePath>C:\Program Files\dotnet\shared\Microsoft.NETCore.App\6.0.8\System.Collections.NonGeneric.dll</ModulePath>
      <ModuleTime>2022-07-22T18:45:48Z</ModuleTime>
      <ModuleName>System.Collections.NonGeneric</ModuleName>
      <Classes />
    </Module>
    <Module skippedDueTo="Filter" hash="BF-01-8E-2F-F6-F4-2B-4B-D9-D5-3A-A0-17-29-79-71-FE-EC-82-8E">
      <ModulePath>C:\Program Files\dotnet\shared\Microsoft.NETCore.App\6.0.8\System.Threading.Tasks.dll</ModulePath>
      <ModuleTime>2022-07-22T18:46:34Z</ModuleTime>
      <ModuleName>System.Threading.Tasks</ModuleName>
      <Classes />
    </Module>
    <Module skippedDueTo="Filter" hash="1A-E4-A6-64-1F-D9-3C-14-B5-9D-B5-79-78-EB-26-1B-15-C1-93-50">
      <ModulePath>C:\Program Files\dotnet\sdk\6.0.400\Microsoft.DotNet.TemplateLocator.dll</ModulePath>
      <ModuleTime>2022-07-22T19:22:28Z</ModuleTime>
      <ModuleName>Microsoft.DotNet.TemplateLocator</ModuleName>
      <Classes />
    </Module>
    <Module skippedDueTo="Filter" hash="99-41-88-6F-0B-03-2F-BF-22-EA-A2-C7-C7-FC-D1-44-4A-F6-61-5A">
      <ModulePath>C:\Program Files\dotnet\shared\Microsoft.NETCore.App\6.0.8\System.Globalization.dll</ModulePath>
      <ModuleTime>2022-07-22T18:46:30Z</ModuleTime>
      <ModuleName>System.Globalization</ModuleName>
      <Classes />
    </Module>
    <Module skippedDueTo="Filter" hash="1F-EA-32-69-B0-70-74-C7-71-9C-C5-4D-76-BF-7C-8C-51-B7-EF-72">
      <ModulePath>C:\Program Files\dotnet\sdk\6.0.400\NuGet.Common.dll</ModulePath>
      <ModuleTime>2022-07-22T19:22:34Z</ModuleTime>
      <ModuleName>NuGet.Common</ModuleName>
      <Classes />
    </Module>
    <Module skippedDueTo="Filter" hash="03-70-B0-66-42-1C-62-22-74-A6-23-31-7E-12-0C-8A-74-8B-DB-07">
      <ModulePath>C:\Program Files\dotnet\sdk\6.0.400\MSBuild.dll</ModulePath>
      <ModuleTime>2022-07-22T19:22:32Z</ModuleTime>
      <ModuleName>MSBuild</ModuleName>
      <Classes />
    </Module>
    <Module skippedDueTo="Filter" hash="E5-D8-2E-97-90-54-D4-AD-5D-26-5F-91-BA-BD-22-8F-64-2D-ED-B7">
      <ModulePath>C:\Program Files\dotnet\shared\Microsoft.NETCore.App\6.0.8\System.Text.RegularExpressions.dll</ModulePath>
      <ModuleTime>2022-07-22T18:46:22Z</ModuleTime>
      <ModuleName>System.Text.RegularExpressions</ModuleName>
      <Classes />
    </Module>
    <Module skippedDueTo="Filter" hash="1D-91-20-B4-CF-FB-C7-4B-B5-18-8C-CA-96-B2-12-6B-8E-82-BC-66">
      <ModulePath>C:\Program Files\dotnet\shared\Microsoft.NETCore.App\6.0.8\System.Text.Json.dll</ModulePath>
      <ModuleTime>2022-07-22T18:46:22Z</ModuleTime>
      <ModuleName>System.Text.Json</ModuleName>
      <Classes />
    </Module>
    <Module skippedDueTo="Filter" hash="18-D2-24-DB-94-17-C3-E8-CA-5B-B7-F5-A9-3D-04-77-E0-0D-EF-23">
      <ModulePath>C:\Program Files\dotnet\shared\Microsoft.NETCore.App\6.0.8\System.Numerics.Vectors.dll</ModulePath>
      <ModuleTime>2022-07-22T18:46:30Z</ModuleTime>
      <ModuleName>System.Numerics.Vectors</ModuleName>
      <Classes />
    </Module>
    <Module skippedDueTo="Filter" hash="EA-C7-7C-81-A0-C4-35-B2-91-87-5A-24-8A-B1-D7-1C-EB-2C-A7-89">
      <ModulePath>C:\Program Files\dotnet\shared\Microsoft.NETCore.App\6.0.8\Microsoft.Win32.Registry.dll</ModulePath>
      <ModuleTime>2022-07-22T18:45:48Z</ModuleTime>
      <ModuleName>Microsoft.Win32.Registry</ModuleName>
      <Classes />
    </Module>
    <Module skippedDueTo="Filter" hash="EA-58-CF-9C-84-B0-DC-69-3F-BB-B5-57-4B-F9-23-51-92-F5-42-19">
      <ModulePath>C:\Program Files\dotnet\sdk\6.0.400\Microsoft.Build.dll</ModulePath>
      <ModuleTime>2022-07-22T19:22:24Z</ModuleTime>
      <ModuleName>Microsoft.Build</ModuleName>
      <Classes />
    </Module>
    <Module skippedDueTo="Filter" hash="85-95-CA-CD-F3-E4-D9-B7-4C-E4-D1-A2-8F-9A-A3-7A-1B-F8-2B-CC">
      <ModulePath>C:\Program Files\dotnet\shared\Microsoft.NETCore.App\6.0.8\System.Diagnostics.Tools.dll</ModulePath>
      <ModuleTime>2022-07-22T18:46:32Z</ModuleTime>
      <ModuleName>System.Diagnostics.Tools</ModuleName>
      <Classes />
    </Module>
    <Module skippedDueTo="Filter" hash="4B-F7-89-0E-8E-03-2C-2B-A0-FE-5B-80-87-28-77-F6-2D-1C-CB-4F">
      <ModulePath>C:\Program Files\dotnet\shared\Microsoft.NETCore.App\6.0.8\System.Runtime.Extensions.dll</ModulePath>
      <ModuleTime>2022-07-22T18:46:34Z</ModuleTime>
      <ModuleName>System.Runtime.Extensions</ModuleName>
      <Classes />
    </Module>
    <Module skippedDueTo="Filter" hash="3C-1C-16-A2-3E-03-7D-C7-33-BE-37-54-C9-13-86-9A-BB-1F-AC-35">
      <ModulePath>C:\Program Files\dotnet\shared\Microsoft.NETCore.App\6.0.8\System.Diagnostics.Debug.dll</ModulePath>
      <ModuleTime>2022-07-22T18:46:30Z</ModuleTime>
      <ModuleName>System.Diagnostics.Debug</ModuleName>
      <Classes />
    </Module>
    <Module skippedDueTo="Filter" hash="21-3E-3A-8B-46-45-70-F8-93-7F-E8-4F-11-2C-A9-07-D5-F5-E9-47">
      <ModulePath>C:\Program Files\dotnet\shared\Microsoft.NETCore.App\6.0.8\System.IO.dll</ModulePath>
      <ModuleTime>2022-07-22T18:44:54Z</ModuleTime>
      <ModuleName>System.IO</ModuleName>
      <Classes />
    </Module>
    <Module skippedDueTo="Filter" hash="32-70-3E-FF-40-5B-4F-C0-71-1D-A4-AA-6F-31-70-0B-37-91-31-98">
      <ModulePath>C:\Program Files\dotnet\shared\Microsoft.NETCore.App\6.0.8\System.Text.Encoding.dll</ModulePath>
      <ModuleTime>2022-07-22T18:46:36Z</ModuleTime>
      <ModuleName>System.Text.Encoding</ModuleName>
      <Classes />
    </Module>
    <Module skippedDueTo="Filter" hash="6E-88-46-1E-16-6F-4A-9C-E8-63-5D-55-AE-26-EE-E5-41-42-93-51">
      <ModulePath>C:\Program Files\dotnet\shared\Microsoft.NETCore.App\6.0.8\System.IO.Compression.dll</ModulePath>
      <ModuleTime>2022-07-22T18:45:52Z</ModuleTime>
      <ModuleName>System.IO.Compression</ModuleName>
      <Classes />
    </Module>
    <Module skippedDueTo="Filter" hash="F2-C1-C9-1A-16-52-37-BD-CF-20-56-81-00-26-68-8E-32-B3-19-4B">
      <ModulePath>C:\Program Files\dotnet\shared\Microsoft.NETCore.App\6.0.8\System.Runtime.Loader.dll</ModulePath>
      <ModuleTime>2022-07-22T18:46:34Z</ModuleTime>
      <ModuleName>System.Runtime.Loader</ModuleName>
      <Classes />
    </Module>
    <Module skippedDueTo="Filter" hash="83-49-D6-0D-41-60-B8-72-DD-46-AC-AC-45-7B-25-4A-14-DE-F3-EA">
      <ModulePath>C:\Program Files\dotnet\shared\Microsoft.NETCore.App\6.0.8\System.Net.Http.dll</ModulePath>
      <ModuleTime>2022-07-22T18:46:08Z</ModuleTime>
      <ModuleName>System.Net.Http</ModuleName>
      <Classes />
    </Module>
    <Module skippedDueTo="Filter" hash="67-A8-A7-92-61-DA-05-03-EF-6D-0D-1C-E2-F8-B1-28-2A-FF-1F-E7">
      <ModulePath>C:\Program Files\dotnet\shared\Microsoft.NETCore.App\6.0.8\System.Security.Cryptography.X509Certificates.dll</ModulePath>
      <ModuleTime>2022-07-22T18:46:20Z</ModuleTime>
      <ModuleName>System.Security.Cryptography.X509Certificates</ModuleName>
      <Classes />
    </Module>
    <Module skippedDueTo="Filter" hash="CF-54-EA-D5-04-48-26-AC-4B-06-F6-C7-61-5E-60-F0-B1-75-70-1A">
      <ModulePath>C:\Program Files\dotnet\sdk\6.0.400\dotnet.dll</ModulePath>
      <ModuleTime>2022-07-22T19:22:24Z</ModuleTime>
      <ModuleName>dotnet</ModuleName>
      <Classes />
    </Module>
    <Module skippedDueTo="Filter" hash="3D-26-64-69-EE-93-A5-20-27-1C-07-CC-07-1D-11-7E-4E-97-44-31">
      <ModulePath>C:\Program Files\dotnet\sdk\6.0.400\runtimes\win\lib\net6.0\System.Security.Cryptography.Pkcs.dll</ModulePath>
      <ModuleTime>2022-07-22T19:06:18Z</ModuleTime>
      <ModuleName>System.Security.Cryptography.Pkcs</ModuleName>
      <Classes />
    </Module>
    <Module skippedDueTo="Filter" hash="F0-24-8B-1A-C7-80-A8-DA-5D-11-5B-86-6E-88-7A-2F-38-5A-0C-BC">
      <ModulePath>C:\Program Files\dotnet\shared\Microsoft.NETCore.App\6.0.8\System.Diagnostics.DiagnosticSource.dll</ModulePath>
      <ModuleTime>2022-07-22T18:45:50Z</ModuleTime>
      <ModuleName>System.Diagnostics.DiagnosticSource</ModuleName>
      <Classes />
    </Module>
    <Module skippedDueTo="Filter" hash="7E-3A-06-7A-AD-6A-B9-E6-7E-AA-06-A0-3F-B0-E9-DC-38-20-71-2D">
      <ModulePath>C:\Program Files\dotnet\shared\Microsoft.NETCore.App\6.0.8\System.Collections.Immutable.dll</ModulePath>
      <ModuleTime>2022-07-22T18:45:50Z</ModuleTime>
      <ModuleName>System.Collections.Immutable</ModuleName>
      <Classes />
    </Module>
    <Module skippedDueTo="Filter" hash="0A-7A-53-9C-97-A7-E0-04-8E-F2-9F-29-ED-E8-E0-19-F5-C0-43-7B">
      <ModulePath>C:\Program Files\dotnet\shared\Microsoft.NETCore.App\6.0.8\System.Security.Cryptography.Encoding.dll</ModulePath>
      <ModuleTime>2022-07-22T18:46:20Z</ModuleTime>
      <ModuleName>System.Security.Cryptography.Encoding</ModuleName>
      <Classes />
    </Module>
    <Module skippedDueTo="Filter" hash="0E-09-61-79-3D-9B-9D-81-A1-5C-6C-B3-FC-35-EA-4A-18-66-29-7A">
      <ModulePath>C:\Program Files\dotnet\shared\Microsoft.NETCore.App\6.0.8\System.Net.Security.dll</ModulePath>
      <ModuleTime>2022-07-22T18:46:16Z</ModuleTime>
      <ModuleName>System.Net.Security</ModuleName>
      <Classes />
    </Module>
    <Module skippedDueTo="Filter" hash="9A-F4-7E-9D-50-ED-F2-5C-02-65-D1-57-E1-28-F8-9F-5C-2B-37-8F">
      <ModulePath>C:\Program Files\dotnet\shared\Microsoft.NETCore.App\6.0.8\System.Formats.Asn1.dll</ModulePath>
      <ModuleTime>2022-07-22T18:45:52Z</ModuleTime>
      <ModuleName>System.Formats.Asn1</ModuleName>
      <Classes />
    </Module>
    <Module skippedDueTo="Filter" hash="70-2F-A6-DC-77-54-1F-AE-0F-C3-A6-EC-CA-04-0A-C3-AD-41-15-8C">
      <ModulePath>C:\Program Files\dotnet\sdk\6.0.400\Microsoft.DotNet.Configurer.dll</ModulePath>
      <ModuleTime>2022-07-22T19:22:24Z</ModuleTime>
      <ModuleName>Microsoft.DotNet.Configurer</ModuleName>
      <Classes />
    </Module>
    <Module skippedDueTo="Filter" hash="A1-D7-57-C9-31-8E-26-0A-95-51-3A-A7-D7-48-09-69-A8-AE-8A-6A">
      <ModulePath>C:\Program Files\dotnet\shared\Microsoft.NETCore.App\6.0.8\System.Runtime.Numerics.dll</ModulePath>
      <ModuleTime>2022-07-22T18:46:20Z</ModuleTime>
      <ModuleName>System.Runtime.Numerics</ModuleName>
      <Classes />
    </Module>
    <Module skippedDueTo="Filter" hash="45-94-7F-80-47-1E-F4-37-48-3E-F6-EB-DC-EE-AD-D5-71-B5-6C-81">
      <ModulePath>C:\Program Files\dotnet\sdk\6.0.400\System.CommandLine.dll</ModulePath>
      <ModuleTime>2022-07-22T19:22:34Z</ModuleTime>
      <ModuleName>System.CommandLine</ModuleName>
      <Classes />
    </Module>
    <Module skippedDueTo="Filter" hash="AE-77-C8-B2-B9-23-3E-6E-1C-3A-FF-62-0A-14-7D-80-66-07-E4-D6">
      <ModulePath>C:\Program Files\dotnet\sdk\6.0.400\Microsoft.DotNet.InternalAbstractions.dll</ModulePath>
      <ModuleTime>2022-07-22T19:22:24Z</ModuleTime>
      <ModuleName>Microsoft.DotNet.InternalAbstractions</ModuleName>
      <Classes />
    </Module>
    <Module skippedDueTo="Filter" hash="EB-97-8B-1F-1D-62-23-66-8D-BA-35-61-AF-9A-C1-E1-C6-A6-E5-AD">
      <ModulePath>C:\Program Files\dotnet\sdk\6.0.400\Microsoft.DotNet.Cli.Utils.dll</ModulePath>
      <ModuleTime>2022-07-22T19:22:24Z</ModuleTime>
      <ModuleName>Microsoft.DotNet.Cli.Utils</ModuleName>
      <Classes />
    </Module>
    <Module skippedDueTo="Filter" hash="D4-5E-63-D8-F2-BF-E6-00-EC-8C-70-43-60-6F-20-E9-64-74-9F-AB">
      <ModulePath>C:\Program Files\dotnet\sdk\6.0.400\NuGet.Configuration.dll</ModulePath>
      <ModuleTime>2022-07-22T19:22:58Z</ModuleTime>
      <ModuleName>NuGet.Configuration</ModuleName>
      <Classes />
    </Module>
    <Module skippedDueTo="Filter" hash="7E-67-18-79-59-F5-88-BC-87-6C-83-65-93-43-DA-F8-DE-CB-37-87">
      <ModulePath>C:\Program Files\dotnet\sdk\6.0.400\NuGet.Protocol.dll</ModulePath>
      <ModuleTime>2022-07-22T19:22:34Z</ModuleTime>
      <ModuleName>NuGet.Protocol</ModuleName>
      <Classes />
    </Module>
    <Module skippedDueTo="Filter" hash="CF-5C-A6-8E-A1-31-DA-E8-51-38-BE-10-34-43-12-9A-18-D1-EB-73">
      <ModulePath>C:\Program Files\dotnet\sdk\6.0.400\NuGet.Credentials.dll</ModulePath>
      <ModuleTime>2022-07-22T19:22:32Z</ModuleTime>
      <ModuleName>NuGet.Credentials</ModuleName>
      <Classes />
    </Module>
    <Module skippedDueTo="Filter" hash="43-2F-B1-EF-96-D9-7A-55-4D-16-10-D4-9F-70-CC-CF-3F-A6-02-01">
      <ModulePath>C:\Program Files\dotnet\sdk\6.0.400\Microsoft.Deployment.DotNet.Releases.dll</ModulePath>
      <ModuleTime>2022-07-22T19:19:30Z</ModuleTime>
      <ModuleName>Microsoft.Deployment.DotNet.Releases</ModuleName>
      <Classes />
    </Module>
    <Module skippedDueTo="Filter" hash="E0-0C-EE-C9-FB-A0-48-29-98-13-50-C1-FD-1E-29-24-83-83-DA-25">
      <ModulePath>C:\Program Files\dotnet\shared\Microsoft.NETCore.App\6.0.8\System.Diagnostics.TraceSource.dll</ModulePath>
      <ModuleTime>2022-07-22T18:45:50Z</ModuleTime>
      <ModuleName>System.Diagnostics.TraceSource</ModuleName>
      <Classes />
    </Module>
    <Module skippedDueTo="Filter" hash="C5-14-DC-66-B1-D9-53-89-FB-75-83-1A-94-E6-8A-1C-98-96-23-3B">
      <ModulePath>C:\Program Files\dotnet\shared\Microsoft.NETCore.App\6.0.8\System.Security.AccessControl.dll</ModulePath>
      <ModuleTime>2022-07-22T18:46:20Z</ModuleTime>
      <ModuleName>System.Security.AccessControl</ModuleName>
      <Classes />
    </Module>
    <Module skippedDueTo="Filter" hash="49-F7-05-7F-8F-E2-A9-E2-54-DA-F1-C0-81-FA-89-24-AF-56-A3-37">
      <ModulePath>C:\Program Files\dotnet\sdk\6.0.400\runtimes\win\lib\net6.0\System.ServiceProcess.ServiceController.dll</ModulePath>
      <ModuleTime>2022-07-22T19:19:58Z</ModuleTime>
      <ModuleName>System.ServiceProcess.ServiceController</ModuleName>
      <Classes />
    </Module>
    <Module skippedDueTo="Filter" hash="18-F8-1B-42-FB-6D-28-09-85-2E-90-A5-F8-56-BC-06-47-E0-DF-C0">
      <ModulePath>C:\Program Files\dotnet\sdk\6.0.400\Microsoft.NET.StringTools.dll</ModulePath>
      <ModuleTime>2022-07-22T19:22:24Z</ModuleTime>
      <ModuleName>Microsoft.NET.StringTools</ModuleName>
      <Classes />
    </Module>
    <Module skippedDueTo="Filter" hash="14-AD-ED-77-D1-D9-FE-BA-BB-F8-89-83-22-36-CB-FC-C7-61-08-F5">
      <ModulePath>C:\Program Files\dotnet\shared\Microsoft.NETCore.App\6.0.8\System.Threading.Tasks.Dataflow.dll</ModulePath>
      <ModuleTime>2022-07-22T18:46:24Z</ModuleTime>
      <ModuleName>System.Threading.Tasks.Dataflow</ModuleName>
      <Classes />
    </Module>
    <Module skippedDueTo="Filter" hash="E2-50-E7-0A-D4-F3-B3-43-18-28-9E-6C-3C-FD-35-73-F1-C7-EA-7C">
      <ModulePath>C:\Program Files\dotnet\shared\Microsoft.NETCore.App\6.0.8\System.ObjectModel.dll</ModulePath>
      <ModuleTime>2022-07-22T18:46:14Z</ModuleTime>
      <ModuleName>System.ObjectModel</ModuleName>
      <Classes />
    </Module>
    <Module skippedDueTo="Filter" hash="35-7E-AA-EA-47-8B-14-7C-F9-53-85-56-5C-56-6F-68-E7-56-48-45">
      <ModulePath>C:\Program Files\dotnet\shared\Microsoft.NETCore.App\6.0.8\System.Security.Principal.Windows.dll</ModulePath>
      <ModuleTime>2022-07-22T18:46:22Z</ModuleTime>
      <ModuleName>System.Security.Principal.Windows</ModuleName>
      <Classes />
    </Module>
    <Module skippedDueTo="Filter" hash="17-2A-52-2B-35-5C-80-89-36-7A-D2-B2-45-75-5B-E1-1F-FB-79-60">
      <ModulePath>C:\Program Files\dotnet\shared\Microsoft.NETCore.App\6.0.8\System.Security.Claims.dll</ModulePath>
      <ModuleTime>2022-07-22T18:46:20Z</ModuleTime>
      <ModuleName>System.Security.Claims</ModuleName>
      <Classes />
    </Module>
    <Module skippedDueTo="Filter" hash="A9-3C-C6-31-38-AD-F9-2B-0F-6F-D1-CD-62-18-24-F4-9C-3F-08-80">
      <ModulePath>C:\Program Files\dotnet\shared\Microsoft.NETCore.App\6.0.8\System.Diagnostics.FileVersionInfo.dll</ModulePath>
      <ModuleTime>2022-07-22T18:45:52Z</ModuleTime>
      <ModuleName>System.Diagnostics.FileVersionInfo</ModuleName>
      <Classes />
    </Module>
    <Module skippedDueTo="Filter" hash="9A-7C-A5-77-A3-6E-63-DC-87-6A-17-5F-44-3B-6F-E4-25-98-AF-CB">
      <ModulePath>C:\Program Files\dotnet\sdk\6.0.400\Microsoft.Build.NuGetSdkResolver.dll</ModulePath>
      <ModuleTime>2022-07-22T19:22:22Z</ModuleTime>
      <ModuleName>Microsoft.Build.NuGetSdkResolver</ModuleName>
      <Classes />
    </Module>
    <Module skippedDueTo="Filter" hash="6D-3E-57-B4-E3-F9-4A-6E-07-89-7A-F7-F2-72-A5-85-E2-1B-4A-62">
      <ModulePath>C:\Program Files\dotnet\shared\Microsoft.NETCore.App\6.0.8\System.IO.FileSystem.dll</ModulePath>
      <ModuleTime>2022-07-22T18:44:54Z</ModuleTime>
      <ModuleName>System.IO.FileSystem</ModuleName>
      <Classes />
    </Module>
    <Module skippedDueTo="Filter" hash="8B-79-B4-A7-07-2E-D5-FC-51-EA-88-24-22-03-50-BD-95-E4-2D-C3">
      <ModulePath>C:\Program Files\dotnet\sdk\6.0.400\Microsoft.NET.Sdk.WorkloadMSBuildSdkResolver.dll</ModulePath>
      <ModuleTime>2022-07-22T19:22:24Z</ModuleTime>
      <ModuleName>Microsoft.NET.Sdk.WorkloadMSBuildSdkResolver</ModuleName>
      <Classes />
    </Module>
    <Module skippedDueTo="Filter" hash="EB-97-8B-1F-1D-62-23-66-8D-BA-35-61-AF-9A-C1-E1-C6-A6-E5-AD">
      <ModulePath>C:\Program Files\dotnet\sdk\6.0.400\Microsoft.DotNet.Cli.Utils.dll</ModulePath>
      <ModuleTime>2022-07-22T19:22:24Z</ModuleTime>
      <ModuleName>Microsoft.DotNet.Cli.Utils</ModuleName>
      <Classes />
    </Module>
    <Module skippedDueTo="Filter" hash="23-FD-D8-C8-67-5B-12-15-79-A9-03-E8-26-69-46-40-C3-97-2E-29">
      <ModulePath>C:\Program Files\dotnet\sdk\6.0.400\Microsoft.NET.Sdk.WorkloadManifestReader.dll</ModulePath>
      <ModuleTime>2022-07-22T19:22:26Z</ModuleTime>
      <ModuleName>Microsoft.NET.Sdk.WorkloadManifestReader</ModuleName>
      <Classes />
    </Module>
    <Module skippedDueTo="Filter" hash="8D-E0-D4-65-F0-6C-85-8E-41-5C-1D-C6-9C-AD-31-C2-12-8E-F5-C9">
      <ModulePath>C:\Program Files\dotnet\shared\Microsoft.NETCore.App\6.0.8\System.Threading.Tasks.Parallel.dll</ModulePath>
      <ModuleTime>2022-07-22T18:46:24Z</ModuleTime>
      <ModuleName>System.Threading.Tasks.Parallel</ModuleName>
      <Classes />
    </Module>
    <Module skippedDueTo="Filter" hash="4F-28-86-24-05-4A-69-94-4C-E8-6A-2B-37-1B-7C-67-F4-63-1F-97">
      <ModulePath>C:\Program Files\dotnet\sdk\6.0.400\NuGet.Frameworks.dll</ModulePath>
      <ModuleTime>2022-07-22T19:22:32Z</ModuleTime>
      <ModuleName>NuGet.Frameworks</ModuleName>
      <Classes />
    </Module>
    <Module skippedDueTo="Filter" hash="FD-C1-5D-87-4E-15-98-D5-BC-9B-62-DA-04-4A-10-B8-26-22-9E-1F">
      <ModulePath>C:\Program Files\dotnet\sdk\6.0.400\Microsoft.Build.Utilities.Core.dll</ModulePath>
      <ModuleTime>2022-07-22T19:22:26Z</ModuleTime>
      <ModuleName>Microsoft.Build.Utilities.Core</ModuleName>
      <Classes />
    </Module>
    <Module skippedDueTo="Filter" hash="CE-F4-B0-A2-15-5F-49-80-95-40-7F-E5-71-C9-1E-EA-2E-4F-7C-26">
      <ModulePath>C:\Program Files\dotnet\shared\Microsoft.NETCore.App\6.0.8\System.Reflection.Emit.ILGeneration.dll</ModulePath>
      <ModuleTime>2022-07-22T18:46:32Z</ModuleTime>
      <ModuleName>System.Reflection.Emit.ILGeneration</ModuleName>
      <Classes />
    </Module>
    <Module skippedDueTo="Filter" hash="4A-35-B6-10-33-49-11-D5-AE-F9-39-B1-A8-1C-40-7F-E8-87-3C-33">
      <ModulePath>C:\Program Files\dotnet\shared\Microsoft.NETCore.App\6.0.8\System.Reflection.Emit.Lightweight.dll</ModulePath>
      <ModuleTime>2022-07-22T18:46:32Z</ModuleTime>
      <ModuleName>System.Reflection.Emit.Lightweight</ModuleName>
      <Classes />
    </Module>
    <Module skippedDueTo="Filter" hash="63-90-A4-1B-26-B8-85-A4-F9-A6-B4-E3-C3-90-D6-9E-A6-CD-6C-93">
      <ModulePath>C:\Program Files\dotnet\shared\Microsoft.NETCore.App\6.0.8\System.Reflection.Primitives.dll</ModulePath>
      <ModuleTime>2022-07-22T18:46:34Z</ModuleTime>
      <ModuleName>System.Reflection.Primitives</ModuleName>
      <Classes />
    </Module>
    <Module skippedDueTo="Filter" hash="4C-D4-17-BE-E8-55-5E-03-1C-F8-9D-EF-4F-FB-F0-57-0F-1F-4A-A5">
      <ModulePath>C:\Program Files\dotnet\sdk\6.0.400\Microsoft.Build.Tasks.Core.dll</ModulePath>
      <ModuleTime>2022-07-22T19:22:26Z</ModuleTime>
      <ModuleName>Microsoft.Build.Tasks.Core</ModuleName>
      <Classes />
    </Module>
    <Module skippedDueTo="Filter" hash="12-E0-5A-AA-52-C3-FD-58-35-30-39-CA-0F-C9-00-E3-50-47-B3-DE">
      <ModulePath>C:\Program Files\dotnet\shared\Microsoft.NETCore.App\6.0.8\System.Threading.ThreadPool.dll</ModulePath>
      <ModuleTime>2022-07-22T18:46:34Z</ModuleTime>
      <ModuleName>System.Threading.ThreadPool</ModuleName>
      <Classes />
    </Module>
    <Module skippedDueTo="Filter" hash="C9-D3-89-89-E7-5C-FF-40-E7-14-69-B9-61-B1-72-84-93-B2-5E-7A">
      <ModulePath>C:\Program Files\dotnet\sdk\6.0.400\NuGet.Build.Tasks.dll</ModulePath>
      <ModuleTime>2022-07-22T19:22:32Z</ModuleTime>
      <ModuleName>NuGet.Build.Tasks</ModuleName>
      <Classes />
    </Module>
    <Module skippedDueTo="Filter" hash="1F-EA-32-69-B0-70-74-C7-71-9C-C5-4D-76-BF-7C-8C-51-B7-EF-72">
      <ModulePath>C:\Program Files\dotnet\sdk\6.0.400\NuGet.Common.dll</ModulePath>
      <ModuleTime>2022-07-22T19:22:34Z</ModuleTime>
      <ModuleName>NuGet.Common</ModuleName>
      <Classes />
    </Module>
    <Module skippedDueTo="Filter" hash="CF-55-F6-EB-C7-26-B6-D4-F9-8F-01-DE-8E-69-74-41-5B-0D-6F-B6">
      <ModulePath>C:\Program Files\dotnet\sdk\6.0.400\NuGet.Commands.dll</ModulePath>
      <ModuleTime>2022-07-22T19:22:32Z</ModuleTime>
      <ModuleName>NuGet.Commands</ModuleName>
      <Classes />
    </Module>
    <Module skippedDueTo="Filter" hash="03-87-F3-AB-77-8E-CB-B6-31-CC-58-22-5A-D1-24-30-E6-8B-3D-30">
      <ModulePath>C:\Program Files\dotnet\sdk\6.0.400\NuGet.ProjectModel.dll</ModulePath>
      <ModuleTime>2022-07-22T19:22:32Z</ModuleTime>
      <ModuleName>NuGet.ProjectModel</ModuleName>
      <Classes />
    </Module>
    <Module skippedDueTo="Filter" hash="5C-56-C4-FE-62-6A-2E-FD-E7-C7-0A-07-8D-DC-4D-9C-15-D9-F0-91">
      <ModulePath>C:\Program Files\dotnet\sdk\6.0.400\Sdks\Microsoft.NET.Sdk\tools\net6.0\Microsoft.NET.Build.Tasks.dll</ModulePath>
      <ModuleTime>2022-07-22T19:22:58Z</ModuleTime>
      <ModuleName>Microsoft.NET.Build.Tasks</ModuleName>
      <Classes />
    </Module>
    <Module skippedDueTo="Filter" hash="D4-5E-63-D8-F2-BF-E6-00-EC-8C-70-43-60-6F-20-E9-64-74-9F-AB">
      <ModulePath>C:\Program Files\dotnet\sdk\6.0.400\NuGet.Configuration.dll</ModulePath>
      <ModuleTime>2022-07-22T19:22:58Z</ModuleTime>
      <ModuleName>NuGet.Configuration</ModuleName>
      <Classes />
    </Module>
    <Module skippedDueTo="Filter" hash="94-79-92-63-3F-C0-AD-1A-00-05-B5-08-59-8D-8C-39-C4-A3-A0-FA">
      <ModulePath>C:\Program Files\dotnet\sdk\6.0.400\NuGet.Versioning.dll</ModulePath>
      <ModuleTime>2022-07-22T19:22:32Z</ModuleTime>
      <ModuleName>NuGet.Versioning</ModuleName>
      <Classes />
    </Module>
    <Module skippedDueTo="Filter" hash="4F-28-86-24-05-4A-69-94-4C-E8-6A-2B-37-1B-7C-67-F4-63-1F-97">
      <ModulePath>C:\Program Files\dotnet\sdk\6.0.400\NuGet.Frameworks.dll</ModulePath>
      <ModuleTime>2022-07-22T19:22:32Z</ModuleTime>
      <ModuleName>NuGet.Frameworks</ModuleName>
      <Classes />
    </Module>
    <Module skippedDueTo="Filter" hash="F3-DC-F5-E7-18-B9-B4-9F-62-C0-37-30-81-B2-5B-EC-FD-EA-A5-55">
      <ModulePath>C:\Program Files\dotnet\sdk\6.0.400\NuGet.Packaging.dll</ModulePath>
      <ModuleTime>2022-07-22T19:22:34Z</ModuleTime>
      <ModuleName>NuGet.Packaging</ModuleName>
      <Classes />
    </Module>
    <Module skippedDueTo="Filter" hash="95-5B-10-C5-EF-8B-06-90-4F-8F-60-5B-D9-5E-37-E0-9F-17-77-51">
      <ModulePath>C:\Program Files\dotnet\sdk\6.0.400\NuGet.LibraryModel.dll</ModulePath>
      <ModuleTime>2022-07-22T19:22:34Z</ModuleTime>
      <ModuleName>NuGet.LibraryModel</ModuleName>
      <Classes />
    </Module>
    <Module skippedDueTo="Filter" hash="7E-67-18-79-59-F5-88-BC-87-6C-83-65-93-43-DA-F8-DE-CB-37-87">
      <ModulePath>C:\Program Files\dotnet\sdk\6.0.400\NuGet.Protocol.dll</ModulePath>
      <ModuleTime>2022-07-22T19:22:34Z</ModuleTime>
      <ModuleName>NuGet.Protocol</ModuleName>
      <Classes />
    </Module>
    <Module skippedDueTo="Filter" hash="CF-5C-A6-8E-A1-31-DA-E8-51-38-BE-10-34-43-12-9A-18-D1-EB-73">
      <ModulePath>C:\Program Files\dotnet\sdk\6.0.400\NuGet.Credentials.dll</ModulePath>
      <ModuleTime>2022-07-22T19:22:32Z</ModuleTime>
      <ModuleName>NuGet.Credentials</ModuleName>
      <Classes />
    </Module>
    <Module skippedDueTo="Filter" hash="A0-A2-EB-E8-39-09-C0-68-56-23-69-6E-8C-54-69-55-A9-38-F6-BD">
      <ModulePath>C:\Program Files\dotnet\sdk\6.0.400\NuGet.DependencyResolver.Core.dll</ModulePath>
      <ModuleTime>2022-07-22T19:22:32Z</ModuleTime>
      <ModuleName>NuGet.DependencyResolver.Core</ModuleName>
      <Classes />
    </Module>
    <Module skippedDueTo="Filter" hash="ED-88-46-B3-78-6C-78-B3-8B-22-64-35-AB-F4-23-B7-05-2E-19-E1">
      <ModulePath>C:\Program Files\dotnet\sdk\6.0.400\Newtonsoft.Json.dll</ModulePath>
      <ModuleTime>2022-07-22T19:26:20Z</ModuleTime>
      <ModuleName>Newtonsoft.Json</ModuleName>
      <Classes />
    </Module>
    <Module skippedDueTo="Filter" hash="0F-1F-71-4C-B2-13-8D-71-02-72-BA-0B-FD-6D-B7-66-6A-13-EF-45">
      <ModulePath>C:\Program Files\dotnet\shared\Microsoft.NETCore.App\6.0.8\System.Runtime.Serialization.Primitives.dll</ModulePath>
      <ModuleTime>2022-07-22T18:46:20Z</ModuleTime>
      <ModuleName>System.Runtime.Serialization.Primitives</ModuleName>
      <Classes />
    </Module>
    <Module skippedDueTo="Filter" hash="5A-CA-DC-2C-12-55-CC-06-B0-D4-FC-C9-51-85-78-75-21-83-40-E2">
      <ModulePath>C:\Program Files\dotnet\shared\Microsoft.NETCore.App\6.0.8\System.Linq.Expressions.dll</ModulePath>
      <ModuleTime>2022-07-22T18:46:12Z</ModuleTime>
      <ModuleName>System.Linq.Expressions</ModuleName>
      <Classes />
    </Module>
    <Module skippedDueTo="Filter" hash="E6-CA-83-2F-C4-7E-7C-F8-B2-68-F6-BA-F1-68-C3-C8-8C-4A-4D-83">
      <ModulePath>C:\Program Files\dotnet\shared\Microsoft.NETCore.App\6.0.8\System.ComponentModel.TypeConverter.dll</ModulePath>
      <ModuleTime>2022-07-22T18:45:48Z</ModuleTime>
      <ModuleName>System.ComponentModel.TypeConverter</ModuleName>
      <Classes />
    </Module>
    <Module skippedDueTo="Filter" hash="02-77-65-82-CA-A9-79-A7-89-1D-35-CB-88-8E-C3-6A-70-64-E8-FD">
      <ModulePath>C:\Program Files\dotnet\sdk\6.0.400\Microsoft.TestPlatform.Build.dll</ModulePath>
      <ModuleTime>2022-07-22T19:22:28Z</ModuleTime>
      <ModuleName>Microsoft.TestPlatform.Build</ModuleName>
      <Classes />
    </Module>
    <Module skippedDueTo="Filter" hash="03-87-F3-AB-77-8E-CB-B6-31-CC-58-22-5A-D1-24-30-E6-8B-3D-30">
      <ModulePath>C:\Program Files\dotnet\sdk\6.0.400\NuGet.ProjectModel.dll</ModulePath>
      <ModuleTime>2022-07-22T19:22:32Z</ModuleTime>
      <ModuleName>NuGet.ProjectModel</ModuleName>
      <Classes />
    </Module>
    <Module skippedDueTo="Filter" hash="ED-88-46-B3-78-6C-78-B3-8B-22-64-35-AB-F4-23-B7-05-2E-19-E1">
      <ModulePath>C:\Program Files\dotnet\sdk\6.0.400\Newtonsoft.Json.dll</ModulePath>
      <ModuleTime>2022-07-22T19:26:20Z</ModuleTime>
      <ModuleName>Newtonsoft.Json</ModuleName>
      <Classes />
    </Module>
    <Module skippedDueTo="Filter" hash="94-79-92-63-3F-C0-AD-1A-00-05-B5-08-59-8D-8C-39-C4-A3-A0-FA">
      <ModulePath>C:\Program Files\dotnet\sdk\6.0.400\NuGet.Versioning.dll</ModulePath>
      <ModuleTime>2022-07-22T19:22:32Z</ModuleTime>
      <ModuleName>NuGet.Versioning</ModuleName>
      <Classes />
    </Module>
    <Module skippedDueTo="Filter" hash="F3-DC-F5-E7-18-B9-B4-9F-62-C0-37-30-81-B2-5B-EC-FD-EA-A5-55">
      <ModulePath>C:\Program Files\dotnet\sdk\6.0.400\NuGet.Packaging.dll</ModulePath>
      <ModuleTime>2022-07-22T19:22:34Z</ModuleTime>
      <ModuleName>NuGet.Packaging</ModuleName>
      <Classes />
    </Module>
    <Module skippedDueTo="Filter" hash="95-5B-10-C5-EF-8B-06-90-4F-8F-60-5B-D9-5E-37-E0-9F-17-77-51">
      <ModulePath>C:\Program Files\dotnet\sdk\6.0.400\NuGet.LibraryModel.dll</ModulePath>
      <ModuleTime>2022-07-22T19:22:34Z</ModuleTime>
      <ModuleName>NuGet.LibraryModel</ModuleName>
      <Classes />
    </Module>
    <Module skippedDueTo="Filter" hash="77-E5-B5-6A-F5-06-20-F6-E4-9C-AD-D5-32-AA-FA-24-33-E3-68-C1">
      <ModulePath>C:\Program Files\dotnet\sdk\6.0.400\Roslyn\Microsoft.Build.Tasks.CodeAnalysis.dll</ModulePath>
      <ModuleTime>2022-07-22T19:22:38Z</ModuleTime>
      <ModuleName>Microsoft.Build.Tasks.CodeAnalysis</ModuleName>
      <Classes />
    </Module>
    <Module skippedDueTo="Filter" hash="09-C8-8A-C5-30-A0-88-93-B1-A1-4E-B6-8A-6A-0D-AC-B1-0C-97-34">
      <ModulePath>C:\Program Files\dotnet\shared\Microsoft.NETCore.App\6.0.8\System.IO.Pipes.dll</ModulePath>
      <ModuleTime>2022-07-22T18:46:08Z</ModuleTime>
      <ModuleName>System.IO.Pipes</ModuleName>
      <Classes />
    </Module>
    <Module skippedDueTo="Filter" hash="3B-15-C4-51-09-CB-B6-1B-16-00-BA-FE-DE-52-75-F1-94-79-34-C5">
      <ModulePath>C:\Program Files\dotnet\shared\Microsoft.NETCore.App\6.0.8\System.Private.CoreLib.dll</ModulePath>
      <ModuleTime>2022-07-22T18:46:18Z</ModuleTime>
      <ModuleName>System.Private.CoreLib</ModuleName>
      <Classes />
    </Module>
    <Module skippedDueTo="Filter" hash="2F-15-7D-CE-18-D7-36-2C-9F-21-0C-A4-57-70-BB-B7-26-2B-01-C2">
      <ModulePath>C:\Program Files\dotnet\sdk\6.0.400\Roslyn\bincore\VBCSCompiler.dll</ModulePath>
      <ModuleTime>2022-07-22T19:22:50Z</ModuleTime>
      <ModuleName>VBCSCompiler</ModuleName>
      <Classes />
    </Module>
    <Module skippedDueTo="Filter" hash="FA-1C-C2-1B-68-7C-23-9B-2D-4B-A2-76-C5-38-D6-C3-3B-DE-60-45">
      <ModulePath>C:\Program Files\dotnet\shared\Microsoft.NETCore.App\6.0.8\System.Runtime.dll</ModulePath>
      <ModuleTime>2022-07-22T18:46:32Z</ModuleTime>
      <ModuleName>System.Runtime</ModuleName>
      <Classes />
    </Module>
    <Module skippedDueTo="Filter" hash="5C-93-A5-1A-F9-3D-E8-B9-82-D5-2B-6F-16-6F-59-4C-6E-4F-F9-79">
      <ModulePath>C:\Program Files\dotnet\shared\Microsoft.NETCore.App\6.0.8\System.Collections.Specialized.dll</ModulePath>
      <ModuleTime>2022-07-22T18:45:50Z</ModuleTime>
      <ModuleName>System.Collections.Specialized</ModuleName>
      <Classes />
    </Module>
    <Module skippedDueTo="Filter" hash="74-67-4A-EF-BD-27-17-EF-E0-8A-D8-24-5D-41-53-C2-06-87-64-CD">
      <ModulePath>C:\Program Files\dotnet\shared\Microsoft.NETCore.App\6.0.8\System.Diagnostics.Process.dll</ModulePath>
      <ModuleTime>2022-07-22T18:45:52Z</ModuleTime>
      <ModuleName>System.Diagnostics.Process</ModuleName>
      <Classes />
    </Module>
    <Module skippedDueTo="Filter" hash="AA-5E-1B-B4-6F-85-AB-31-01-80-08-FF-FC-E7-D1-92-9B-74-36-57">
      <ModulePath>C:\Program Files\dotnet\shared\Microsoft.NETCore.App\6.0.8\System.ComponentModel.Primitives.dll</ModulePath>
      <ModuleTime>2022-07-22T18:45:52Z</ModuleTime>
      <ModuleName>System.ComponentModel.Primitives</ModuleName>
      <Classes />
    </Module>
    <Module skippedDueTo="Filter" hash="0D-D7-24-9D-F3-83-7A-74-58-96-E5-33-DE-0D-18-CB-8D-E3-37-71">
      <ModulePath>C:\Program Files\dotnet\shared\Microsoft.NETCore.App\6.0.8\System.Console.dll</ModulePath>
      <ModuleTime>2022-07-22T18:45:48Z</ModuleTime>
      <ModuleName>System.Console</ModuleName>
      <Classes />
    </Module>
    <Module skippedDueTo="Filter" hash="B6-20-00-5C-73-82-14-75-6A-AC-A0-41-57-F1-22-B6-8E-7B-33-E2">
      <ModulePath>C:\Program Files\dotnet\shared\Microsoft.NETCore.App\6.0.8\System.Runtime.InteropServices.dll</ModulePath>
      <ModuleTime>2022-07-22T18:46:18Z</ModuleTime>
      <ModuleName>System.Runtime.InteropServices</ModuleName>
      <Classes />
    </Module>
    <Module skippedDueTo="Filter" hash="82-D8-50-E8-FB-7E-E1-EC-9F-A3-49-51-3E-54-56-4C-D9-B4-0C-95">
      <ModulePath>C:\Program Files\dotnet\shared\Microsoft.NETCore.App\6.0.8\System.Threading.dll</ModulePath>
      <ModuleTime>2022-07-22T18:46:22Z</ModuleTime>
      <ModuleName>System.Threading</ModuleName>
      <Classes />
    </Module>
    <Module skippedDueTo="Filter" hash="CA-A8-B5-ED-2C-30-D3-75-88-9D-47-38-4D-31-08-87-57-AE-AB-D8">
      <ModulePath>C:\Program Files\dotnet\sdk\6.0.400\Roslyn\bincore\Microsoft.CodeAnalysis.dll</ModulePath>
      <ModuleTime>2022-07-22T19:22:52Z</ModuleTime>
      <ModuleName>Microsoft.CodeAnalysis</ModuleName>
      <Classes />
    </Module>
    <Module skippedDueTo="Filter" hash="7E-3A-06-7A-AD-6A-B9-E6-7E-AA-06-A0-3F-B0-E9-DC-38-20-71-2D">
      <ModulePath>C:\Program Files\dotnet\shared\Microsoft.NETCore.App\6.0.8\System.Collections.Immutable.dll</ModulePath>
      <ModuleTime>2022-07-22T18:45:50Z</ModuleTime>
      <ModuleName>System.Collections.Immutable</ModuleName>
      <Classes />
    </Module>
    <Module skippedDueTo="Filter" hash="4B-F7-89-0E-8E-03-2C-2B-A0-FE-5B-80-87-28-77-F6-2D-1C-CB-4F">
      <ModulePath>C:\Program Files\dotnet\shared\Microsoft.NETCore.App\6.0.8\System.Runtime.Extensions.dll</ModulePath>
      <ModuleTime>2022-07-22T18:46:34Z</ModuleTime>
      <ModuleName>System.Runtime.Extensions</ModuleName>
      <Classes />
    </Module>
    <Module skippedDueTo="Filter" hash="A4-18-D6-27-B7-ED-68-DD-E3-0D-FA-FE-A8-9F-87-78-A4-3B-1E-49">
      <ModulePath>C:\Program Files\dotnet\shared\Microsoft.NETCore.App\6.0.8\System.Collections.dll</ModulePath>
      <ModuleTime>2022-07-22T18:45:46Z</ModuleTime>
      <ModuleName>System.Collections</ModuleName>
      <Classes />
    </Module>
    <Module skippedDueTo="Filter" hash="F2-C1-C9-1A-16-52-37-BD-CF-20-56-81-00-26-68-8E-32-B3-19-4B">
      <ModulePath>C:\Program Files\dotnet\shared\Microsoft.NETCore.App\6.0.8\System.Runtime.Loader.dll</ModulePath>
      <ModuleTime>2022-07-22T18:46:34Z</ModuleTime>
      <ModuleName>System.Runtime.Loader</ModuleName>
      <Classes />
    </Module>
    <Module skippedDueTo="Filter" hash="6D-3E-57-B4-E3-F9-4A-6E-07-89-7A-F7-F2-72-A5-85-E2-1B-4A-62">
      <ModulePath>C:\Program Files\dotnet\shared\Microsoft.NETCore.App\6.0.8\System.IO.FileSystem.dll</ModulePath>
      <ModuleTime>2022-07-22T18:44:54Z</ModuleTime>
      <ModuleName>System.IO.FileSystem</ModuleName>
      <Classes />
    </Module>
    <Module skippedDueTo="Filter" hash="BF-01-8E-2F-F6-F4-2B-4B-D9-D5-3A-A0-17-29-79-71-FE-EC-82-8E">
      <ModulePath>C:\Program Files\dotnet\shared\Microsoft.NETCore.App\6.0.8\System.Threading.Tasks.dll</ModulePath>
      <ModuleTime>2022-07-22T18:46:34Z</ModuleTime>
      <ModuleName>System.Threading.Tasks</ModuleName>
      <Classes />
    </Module>
    <Module skippedDueTo="Filter" hash="09-C8-8A-C5-30-A0-88-93-B1-A1-4E-B6-8A-6A-0D-AC-B1-0C-97-34">
      <ModulePath>C:\Program Files\dotnet\shared\Microsoft.NETCore.App\6.0.8\System.IO.Pipes.dll</ModulePath>
      <ModuleTime>2022-07-22T18:46:08Z</ModuleTime>
      <ModuleName>System.IO.Pipes</ModuleName>
      <Classes />
    </Module>
    <Module skippedDueTo="Filter" hash="C5-14-DC-66-B1-D9-53-89-FB-75-83-1A-94-E6-8A-1C-98-96-23-3B">
      <ModulePath>C:\Program Files\dotnet\shared\Microsoft.NETCore.App\6.0.8\System.Security.AccessControl.dll</ModulePath>
      <ModuleTime>2022-07-22T18:46:20Z</ModuleTime>
      <ModuleName>System.Security.AccessControl</ModuleName>
      <Classes />
    </Module>
    <Module skippedDueTo="Filter" hash="35-7E-AA-EA-47-8B-14-7C-F9-53-85-56-5C-56-6F-68-E7-56-48-45">
      <ModulePath>C:\Program Files\dotnet\shared\Microsoft.NETCore.App\6.0.8\System.Security.Principal.Windows.dll</ModulePath>
      <ModuleTime>2022-07-22T18:46:22Z</ModuleTime>
      <ModuleName>System.Security.Principal.Windows</ModuleName>
      <Classes />
    </Module>
    <Module skippedDueTo="Filter" hash="17-2A-52-2B-35-5C-80-89-36-7A-D2-B2-45-75-5B-E1-1F-FB-79-60">
      <ModulePath>C:\Program Files\dotnet\shared\Microsoft.NETCore.App\6.0.8\System.Security.Claims.dll</ModulePath>
      <ModuleTime>2022-07-22T18:46:20Z</ModuleTime>
      <ModuleName>System.Security.Claims</ModuleName>
      <Classes />
    </Module>
    <Module skippedDueTo="Filter" hash="69-A4-94-5D-65-82-2E-70-60-82-6B-CD-69-83-5D-5C-9A-75-15-F6">
      <ModulePath>C:\Program Files\dotnet\shared\Microsoft.NETCore.App\6.0.8\Microsoft.Win32.Primitives.dll</ModulePath>
      <ModuleTime>2022-07-22T18:45:46Z</ModuleTime>
      <ModuleName>Microsoft.Win32.Primitives</ModuleName>
      <Classes />
    </Module>
    <Module skippedDueTo="Filter" hash="9D-DB-C4-36-B5-E4-E6-74-19-8C-1B-7B-39-D3-49-33-8F-2B-A2-60">
      <ModulePath>C:\Program Files\dotnet\shared\Microsoft.NETCore.App\6.0.8\System.Threading.Overlapped.dll</ModulePath>
      <ModuleTime>2022-07-22T18:46:32Z</ModuleTime>
      <ModuleName>System.Threading.Overlapped</ModuleName>
      <Classes />
    </Module>
    <Module skippedDueTo="Filter" hash="9D-DB-C4-36-B5-E4-E6-74-19-8C-1B-7B-39-D3-49-33-8F-2B-A2-60">
      <ModulePath>C:\Program Files\dotnet\shared\Microsoft.NETCore.App\6.0.8\System.Threading.Overlapped.dll</ModulePath>
      <ModuleTime>2022-07-22T18:46:32Z</ModuleTime>
      <ModuleName>System.Threading.Overlapped</ModuleName>
      <Classes />
    </Module>
    <Module skippedDueTo="Filter" hash="5C-42-EC-60-46-B7-54-FE-84-9E-B5-D8-4A-44-C9-24-5A-C7-DD-AF">
      <ModulePath>C:\Program Files\dotnet\shared\Microsoft.NETCore.App\6.0.8\System.Linq.dll</ModulePath>
      <ModuleTime>2022-07-22T18:46:12Z</ModuleTime>
      <ModuleName>System.Linq</ModuleName>
      <Classes />
    </Module>
    <Module skippedDueTo="Filter" hash="A4-41-7F-1F-02-8C-FE-77-BA-05-C7-0A-41-70-18-2B-EF-27-CD-08">
      <ModulePath>C:\Program Files\dotnet\shared\Microsoft.NETCore.App\6.0.8\System.Reflection.Metadata.dll</ModulePath>
      <ModuleTime>2022-07-22T18:46:18Z</ModuleTime>
      <ModuleName>System.Reflection.Metadata</ModuleName>
      <Classes />
    </Module>
    <Module skippedDueTo="Filter" hash="02-DA-EC-74-95-06-F9-F8-0A-DF-74-A1-13-F0-42-D5-61-BC-90-5C">
      <ModulePath>C:\Program Files\dotnet\sdk\6.0.400\Roslyn\bincore\Microsoft.CodeAnalysis.CSharp.dll</ModulePath>
      <ModuleTime>2022-07-22T19:22:50Z</ModuleTime>
      <ModuleName>Microsoft.CodeAnalysis.CSharp</ModuleName>
      <Classes />
    </Module>
    <Module skippedDueTo="Filter" hash="59-C3-FF-8E-49-CB-6A-EF-56-06-8D-9E-6E-F1-D5-34-C3-74-96-83">
      <ModulePath>C:\Program Files\dotnet\sdk\6.0.400\Roslyn\bincore\Microsoft.CodeAnalysis.VisualBasic.dll</ModulePath>
      <ModuleTime>2022-07-22T19:22:52Z</ModuleTime>
      <ModuleName>Microsoft.CodeAnalysis.VisualBasic</ModuleName>
      <Classes />
    </Module>
    <Module skippedDueTo="Filter" hash="82-B5-7D-8C-84-9E-CF-AB-4B-65-A6-3A-36-D5-89-B0-88-DA-86-9D">
      <ModulePath>C:\Program Files\dotnet\shared\Microsoft.NETCore.App\6.0.8\System.Security.Cryptography.Primitives.dll</ModulePath>
      <ModuleTime>2022-07-22T18:46:22Z</ModuleTime>
      <ModuleName>System.Security.Cryptography.Primitives</ModuleName>
      <Classes />
    </Module>
    <Module skippedDueTo="Filter" hash="43-F6-46-06-54-1B-0D-35-C4-1F-AB-62-B2-91-7F-36-AF-87-07-10">
      <ModulePath>C:\Program Files\dotnet\shared\Microsoft.NETCore.App\6.0.8\System.Memory.dll</ModulePath>
      <ModuleTime>2022-07-22T18:46:12Z</ModuleTime>
      <ModuleName>System.Memory</ModuleName>
      <Classes />
    </Module>
    <Module skippedDueTo="Filter" hash="D4-52-CB-88-A4-2A-02-DC-91-79-11-33-5A-CA-C6-BB-B2-A1-1A-F9">
      <ModulePath>C:\Program Files\dotnet\shared\Microsoft.NETCore.App\6.0.8\System.Collections.Concurrent.dll</ModulePath>
      <ModuleTime>2022-07-22T18:45:52Z</ModuleTime>
      <ModuleName>System.Collections.Concurrent</ModuleName>
      <Classes />
    </Module>
    <Module skippedDueTo="Filter" hash="D6-5F-91-9B-5F-7C-34-16-EE-38-56-13-06-53-B3-93-BA-07-44-E4">
      <ModulePath>C:\Program Files\dotnet\shared\Microsoft.NETCore.App\6.0.8\System.Security.Cryptography.Algorithms.dll</ModulePath>
      <ModuleTime>2022-07-22T18:46:20Z</ModuleTime>
      <ModuleName>System.Security.Cryptography.Algorithms</ModuleName>
      <Classes />
    </Module>
    <Module skippedDueTo="Filter" hash="23-03-2D-4B-8E-2F-7E-57-99-CF-DE-C5-CA-B2-4D-B1-34-A3-20-00">
      <ModulePath>C:\Program Files\dotnet\shared\Microsoft.NETCore.App\6.0.8\System.Resources.ResourceManager.dll</ModulePath>
      <ModuleTime>2022-07-22T18:46:32Z</ModuleTime>
      <ModuleName>System.Resources.ResourceManager</ModuleName>
      <Classes />
    </Module>
    <Module skippedDueTo="Filter" hash="E5-D8-2E-97-90-54-D4-AD-5D-26-5F-91-BA-BD-22-8F-64-2D-ED-B7">
      <ModulePath>C:\Program Files\dotnet\shared\Microsoft.NETCore.App\6.0.8\System.Text.RegularExpressions.dll</ModulePath>
      <ModuleTime>2022-07-22T18:46:22Z</ModuleTime>
      <ModuleName>System.Text.RegularExpressions</ModuleName>
      <Classes />
    </Module>
    <Module skippedDueTo="Filter" hash="56-2A-11-24-B6-47-67-19-8B-04-DA-20-32-53-6D-BF-81-6C-77-21">
      <ModulePath>C:\Program Files\dotnet\shared\Microsoft.NETCore.App\6.0.8\System.Text.Encoding.Extensions.dll</ModulePath>
      <ModuleTime>2022-07-22T18:46:36Z</ModuleTime>
      <ModuleName>System.Text.Encoding.Extensions</ModuleName>
      <Classes />
    </Module>
    <Module skippedDueTo="Filter" hash="CE-F4-B0-A2-15-5F-49-80-95-40-7F-E5-71-C9-1E-EA-2E-4F-7C-26">
      <ModulePath>C:\Program Files\dotnet\shared\Microsoft.NETCore.App\6.0.8\System.Reflection.Emit.ILGeneration.dll</ModulePath>
      <ModuleTime>2022-07-22T18:46:32Z</ModuleTime>
      <ModuleName>System.Reflection.Emit.ILGeneration</ModuleName>
      <Classes />
    </Module>
    <Module skippedDueTo="Filter" hash="4A-35-B6-10-33-49-11-D5-AE-F9-39-B1-A8-1C-40-7F-E8-87-3C-33">
      <ModulePath>C:\Program Files\dotnet\shared\Microsoft.NETCore.App\6.0.8\System.Reflection.Emit.Lightweight.dll</ModulePath>
      <ModuleTime>2022-07-22T18:46:32Z</ModuleTime>
      <ModuleName>System.Reflection.Emit.Lightweight</ModuleName>
      <Classes />
    </Module>
    <Module skippedDueTo="Filter" hash="CC-87-25-9E-99-E8-CA-B8-81-43-4E-73-04-97-35-DC-EB-73-94-33">
      <ModulePath>C:\Program Files\dotnet\shared\Microsoft.NETCore.App\6.0.8\System.Net.Requests.dll</ModulePath>
      <ModuleTime>2022-07-22T18:46:14Z</ModuleTime>
      <ModuleName>System.Net.Requests</ModuleName>
      <Classes />
    </Module>
    <Module skippedDueTo="Filter" hash="84-20-73-D0-2B-0F-DA-C4-B9-91-6D-F0-0D-E9-CF-7B-EB-FB-C9-8B">
      <ModulePath>C:\Program Files\dotnet\shared\Microsoft.NETCore.App\6.0.8\System.Net.NetworkInformation.dll</ModulePath>
      <ModuleTime>2022-07-22T18:46:14Z</ModuleTime>
      <ModuleName>System.Net.NetworkInformation</ModuleName>
      <Classes />
    </Module>
    <Module skippedDueTo="Filter" hash="63-90-A4-1B-26-B8-85-A4-F9-A6-B4-E3-C3-90-D6-9E-A6-CD-6C-93">
      <ModulePath>C:\Program Files\dotnet\shared\Microsoft.NETCore.App\6.0.8\System.Reflection.Primitives.dll</ModulePath>
      <ModuleTime>2022-07-22T18:46:34Z</ModuleTime>
      <ModuleName>System.Reflection.Primitives</ModuleName>
      <Classes />
    </Module>
    <Module skippedDueTo="Filter" hash="42-2D-E5-06-DE-96-67-D2-D4-DD-87-23-AA-DC-5B-7C-78-DB-72-D7">
      <ModulePath>C:\Program Files\dotnet\shared\Microsoft.NETCore.App\6.0.8\System.Net.Quic.dll</ModulePath>
      <ModuleTime>2022-07-22T18:46:16Z</ModuleTime>
      <ModuleName>System.Net.Quic</ModuleName>
      <Classes />
    </Module>
    <Module skippedDueTo="Filter" hash="8D-E0-D4-65-F0-6C-85-8E-41-5C-1D-C6-9C-AD-31-C2-12-8E-F5-C9">
      <ModulePath>C:\Program Files\dotnet\shared\Microsoft.NETCore.App\6.0.8\System.Threading.Tasks.Parallel.dll</ModulePath>
      <ModuleTime>2022-07-22T18:46:24Z</ModuleTime>
      <ModuleName>System.Threading.Tasks.Parallel</ModuleName>
      <Classes />
    </Module>
    <Module skippedDueTo="Filter" hash="99-41-88-6F-0B-03-2F-BF-22-EA-A2-C7-C7-FC-D1-44-4A-F6-61-5A">
      <ModulePath>C:\Program Files\dotnet\shared\Microsoft.NETCore.App\6.0.8\System.Globalization.dll</ModulePath>
      <ModuleTime>2022-07-22T18:46:30Z</ModuleTime>
      <ModuleName>System.Globalization</ModuleName>
      <Classes />
    </Module>
    <Module skippedDueTo="Filter" hash="B9-42-D9-B5-4A-08-B2-68-E4-8E-CC-E2-ED-F1-5F-E0-F2-78-3D-D4">
      <ModulePath>C:\Program Files\dotnet\shared\Microsoft.NETCore.App\6.0.8\System.Diagnostics.Tracing.dll</ModulePath>
      <ModuleTime>2022-07-22T18:46:30Z</ModuleTime>
      <ModuleName>System.Diagnostics.Tracing</ModuleName>
      <Classes />
    </Module>
    <Module skippedDueTo="Filter" hash="95-05-9F-A8-E8-AB-C0-71-D4-DF-88-18-54-4F-F9-70-5A-7E-B8-F9">
      <ModulePath>C:\Program Files\dotnet\shared\Microsoft.NETCore.App\6.0.8\System.Net.Sockets.dll</ModulePath>
      <ModuleTime>2022-07-22T18:46:14Z</ModuleTime>
      <ModuleName>System.Net.Sockets</ModuleName>
      <Classes />
    </Module>
    <Module skippedDueTo="Filter" hash="B2-94-D5-C6-E5-56-13-CF-CF-7C-BF-40-08-C2-A4-72-A4-37-93-76">
      <ModulePath>C:\Program Files\dotnet\shared\Microsoft.NETCore.App\6.0.8\System.Net.NameResolution.dll</ModulePath>
      <ModuleTime>2022-07-22T18:46:14Z</ModuleTime>
      <ModuleName>System.Net.NameResolution</ModuleName>
      <Classes />
    </Module>
    <Module skippedDueTo="Filter" hash="A1-D7-57-C9-31-8E-26-0A-95-51-3A-A7-D7-48-09-69-A8-AE-8A-6A">
      <ModulePath>C:\Program Files\dotnet\shared\Microsoft.NETCore.App\6.0.8\System.Runtime.Numerics.dll</ModulePath>
      <ModuleTime>2022-07-22T18:46:20Z</ModuleTime>
      <ModuleName>System.Runtime.Numerics</ModuleName>
      <Classes />
    </Module>
    <Module skippedDueTo="Filter" hash="63-65-2F-58-37-A3-F2-A9-1A-69-C0-81-A9-B9-11-9C-0F-BA-5A-95">
      <ModulePath>C:\Program Files\dotnet\shared\Microsoft.NETCore.App\6.0.8\System.Runtime.CompilerServices.Unsafe.dll</ModulePath>
      <ModuleTime>2022-07-22T18:46:16Z</ModuleTime>
      <ModuleName>System.Runtime.CompilerServices.Unsafe</ModuleName>
      <Classes />
    </Module>
    <Module skippedDueTo="Filter" hash="26-70-78-CF-1E-CE-3F-5E-AD-C8-19-C0-5D-E0-65-8A-42-10-C7-85">
      <ModulePath>C:\Program Files\dotnet\shared\Microsoft.NETCore.App\6.0.8\System.Xml.XDocument.dll</ModulePath>
      <ModuleTime>2022-07-22T18:45:30Z</ModuleTime>
      <ModuleName>System.Xml.XDocument</ModuleName>
      <Classes />
    </Module>
    <Module skippedDueTo="Filter" hash="E2-12-B7-9D-95-7F-4B-43-74-F8-9E-03-32-49-0B-2E-15-32-3E-07">
      <ModulePath>C:\Program Files\dotnet\shared\Microsoft.NETCore.App\6.0.8\System.Private.Xml.Linq.dll</ModulePath>
      <ModuleTime>2022-07-22T18:46:16Z</ModuleTime>
      <ModuleName>System.Private.Xml.Linq</ModuleName>
      <Classes />
    </Module>
    <Module skippedDueTo="Filter" hash="AC-87-87-11-27-13-B7-AC-AC-AF-DF-03-8C-E7-38-F3-DB-6F-08-B7">
      <ModulePath>C:\Program Files\dotnet\shared\Microsoft.NETCore.App\6.0.8\System.Private.Xml.dll</ModulePath>
      <ModuleTime>2022-07-22T18:46:16Z</ModuleTime>
      <ModuleName>System.Private.Xml</ModuleName>
      <Classes />
    </Module>
    <Module skippedDueTo="Filter" hash="3C-1C-16-A2-3E-03-7D-C7-33-BE-37-54-C9-13-86-9A-BB-1F-AC-35">
      <ModulePath>C:\Program Files\dotnet\shared\Microsoft.NETCore.App\6.0.8\System.Diagnostics.Debug.dll</ModulePath>
      <ModuleTime>2022-07-22T18:46:30Z</ModuleTime>
      <ModuleName>System.Diagnostics.Debug</ModuleName>
      <Classes />
    </Module>
    <Module skippedDueTo="Filter" hash="B9-45-E4-30-99-BB-E5-77-37-2E-E0-A3-EA-8A-58-4E-AD-EE-0A-D1">
      <ModulePath>C:\Program Files\dotnet\sdk\6.0.400\Microsoft.Extensions.DependencyModel.dll</ModulePath>
      <ModuleTime>2022-07-22T19:19:22Z</ModuleTime>
      <ModuleName>Microsoft.Extensions.DependencyModel</ModuleName>
      <Classes />
    </Module>
    <Module skippedDueTo="Filter" hash="5C-10-6B-20-65-7B-D6-71-B4-E8-3E-11-9D-33-B1-20-08-88-28-E9">
      <ModulePath>C:\Program Files\dotnet\shared\Microsoft.NETCore.App\6.0.8\System.Text.Encodings.Web.dll</ModulePath>
      <ModuleTime>2022-07-22T18:46:24Z</ModuleTime>
      <ModuleName>System.Text.Encodings.Web</ModuleName>
      <Classes />
    </Module>
    <Module skippedDueTo="Filter" hash="64-06-C5-B1-79-33-A1-14-A2-B7-03-46-8F-5B-3F-10-9B-6D-1C-E3">
      <ModulePath>C:\Program Files\dotnet\shared\Microsoft.NETCore.App\6.0.8\System.Runtime.Intrinsics.dll</ModulePath>
      <ModuleTime>2022-07-22T18:46:20Z</ModuleTime>
      <ModuleName>System.Runtime.Intrinsics</ModuleName>
      <Classes />
    </Module>
    <Module skippedDueTo="Filter" hash="A4-41-7F-1F-02-8C-FE-77-BA-05-C7-0A-41-70-18-2B-EF-27-CD-08">
      <ModulePath>C:\Program Files\dotnet\shared\Microsoft.NETCore.App\6.0.8\System.Reflection.Metadata.dll</ModulePath>
      <ModuleTime>2022-07-22T18:46:18Z</ModuleTime>
      <ModuleName>System.Reflection.Metadata</ModuleName>
      <Classes />
    </Module>
    <Module skippedDueTo="Filter" hash="75-01-B3-E1-CC-1A-C3-41-47-34-A6-E1-43-DC-86-A5-70-56-52-71">
      <ModulePath>C:\Program Files\dotnet\shared\Microsoft.NETCore.App\6.0.8\System.IO.MemoryMappedFiles.dll</ModulePath>
      <ModuleTime>2022-07-22T18:46:12Z</ModuleTime>
      <ModuleName>System.IO.MemoryMappedFiles</ModuleName>
      <Classes />
    </Module>
    <Module skippedDueTo="Filter" hash="82-3E-F0-68-58-DB-E4-F1-5C-7C-7A-19-70-3C-BF-C7-6D-F5-53-B7">
      <ModulePath>C:\Program Files\dotnet\shared\Microsoft.NETCore.App\6.0.8\System.Data.Common.dll</ModulePath>
      <ModuleTime>2022-07-22T18:45:52Z</ModuleTime>
      <ModuleName>System.Data.Common</ModuleName>
      <Classes />
    </Module>
    <Module skippedDueTo="Filter" hash="">
      <ModulePath>RefEmit_InMemoryManifestModule</ModulePath>
      <ModuleTime>0001-01-01T00:00:00</ModuleTime>
      <ModuleName>Anonymously Hosted DynamicMethods Assembly</ModuleName>
      <Classes />
    </Module>
    <Module skippedDueTo="Filter" hash="3B-15-C4-51-09-CB-B6-1B-16-00-BA-FE-DE-52-75-F1-94-79-34-C5">
      <ModulePath>C:\Program Files\dotnet\shared\Microsoft.NETCore.App\6.0.8\System.Private.CoreLib.dll</ModulePath>
      <ModuleTime>2022-07-22T18:46:18Z</ModuleTime>
      <ModuleName>System.Private.CoreLib</ModuleName>
      <Classes />
    </Module>
    <Module skippedDueTo="Filter" hash="D5-EC-8A-52-4B-30-96-4B-BA-9F-2A-77-9E-68-22-F1-A0-2F-F9-6B">
      <ModulePath>C:\Program Files\dotnet\sdk\6.0.400\vstest.console.dll</ModulePath>
      <ModuleTime>2022-07-22T19:22:48Z</ModuleTime>
      <ModuleName>vstest.console</ModuleName>
      <Classes />
    </Module>
    <Module skippedDueTo="Filter" hash="FA-1C-C2-1B-68-7C-23-9B-2D-4B-A2-76-C5-38-D6-C3-3B-DE-60-45">
      <ModulePath>C:\Program Files\dotnet\shared\Microsoft.NETCore.App\6.0.8\System.Runtime.dll</ModulePath>
      <ModuleTime>2022-07-22T18:46:32Z</ModuleTime>
      <ModuleName>System.Runtime</ModuleName>
      <Classes />
    </Module>
    <Module skippedDueTo="Filter" hash="E0-22-44-CB-E2-35-55-52-11-88-FC-5D-51-EC-10-8B-03-E7-17-FA">
      <ModulePath>C:\Program Files\dotnet\sdk\6.0.400\Microsoft.TestPlatform.CoreUtilities.dll</ModulePath>
      <ModuleTime>2022-07-22T19:22:28Z</ModuleTime>
      <ModuleName>Microsoft.TestPlatform.CoreUtilities</ModuleName>
      <Classes />
    </Module>
    <Module skippedDueTo="Filter" hash="21-9F-70-1E-0C-2C-69-D6-6B-FF-B5-F8-25-94-4B-D3-ED-65-86-C2">
      <ModulePath>C:\Program Files\dotnet\shared\Microsoft.NETCore.App\6.0.8\netstandard.dll</ModulePath>
      <ModuleTime>2022-07-22T18:45:22Z</ModuleTime>
      <ModuleName>netstandard</ModuleName>
      <Classes />
    </Module>
    <Module skippedDueTo="Filter" hash="3C-1C-16-A2-3E-03-7D-C7-33-BE-37-54-C9-13-86-9A-BB-1F-AC-35">
      <ModulePath>C:\Program Files\dotnet\shared\Microsoft.NETCore.App\6.0.8\System.Diagnostics.Debug.dll</ModulePath>
      <ModuleTime>2022-07-22T18:46:30Z</ModuleTime>
      <ModuleName>System.Diagnostics.Debug</ModuleName>
      <Classes />
    </Module>
    <Module skippedDueTo="Filter" hash="4B-F7-89-0E-8E-03-2C-2B-A0-FE-5B-80-87-28-77-F6-2D-1C-CB-4F">
      <ModulePath>C:\Program Files\dotnet\shared\Microsoft.NETCore.App\6.0.8\System.Runtime.Extensions.dll</ModulePath>
      <ModuleTime>2022-07-22T18:46:34Z</ModuleTime>
      <ModuleName>System.Runtime.Extensions</ModuleName>
      <Classes />
    </Module>
    <Module skippedDueTo="Filter" hash="74-67-4A-EF-BD-27-17-EF-E0-8A-D8-24-5D-41-53-C2-06-87-64-CD">
      <ModulePath>C:\Program Files\dotnet\shared\Microsoft.NETCore.App\6.0.8\System.Diagnostics.Process.dll</ModulePath>
      <ModuleTime>2022-07-22T18:45:52Z</ModuleTime>
      <ModuleName>System.Diagnostics.Process</ModuleName>
      <Classes />
    </Module>
    <Module skippedDueTo="Filter" hash="AA-5E-1B-B4-6F-85-AB-31-01-80-08-FF-FC-E7-D1-92-9B-74-36-57">
      <ModulePath>C:\Program Files\dotnet\shared\Microsoft.NETCore.App\6.0.8\System.ComponentModel.Primitives.dll</ModulePath>
      <ModuleTime>2022-07-22T18:45:52Z</ModuleTime>
      <ModuleName>System.ComponentModel.Primitives</ModuleName>
      <Classes />
    </Module>
    <Module skippedDueTo="Filter" hash="82-D8-50-E8-FB-7E-E1-EC-9F-A3-49-51-3E-54-56-4C-D9-B4-0C-95">
      <ModulePath>C:\Program Files\dotnet\shared\Microsoft.NETCore.App\6.0.8\System.Threading.dll</ModulePath>
      <ModuleTime>2022-07-22T18:46:22Z</ModuleTime>
      <ModuleName>System.Threading</ModuleName>
      <Classes />
    </Module>
    <Module skippedDueTo="Filter" hash="0D-D7-24-9D-F3-83-7A-74-58-96-E5-33-DE-0D-18-CB-8D-E3-37-71">
      <ModulePath>C:\Program Files\dotnet\shared\Microsoft.NETCore.App\6.0.8\System.Console.dll</ModulePath>
      <ModuleTime>2022-07-22T18:45:48Z</ModuleTime>
      <ModuleName>System.Console</ModuleName>
      <Classes />
    </Module>
    <Module skippedDueTo="Filter" hash="56-2A-11-24-B6-47-67-19-8B-04-DA-20-32-53-6D-BF-81-6C-77-21">
      <ModulePath>C:\Program Files\dotnet\shared\Microsoft.NETCore.App\6.0.8\System.Text.Encoding.Extensions.dll</ModulePath>
      <ModuleTime>2022-07-22T18:46:36Z</ModuleTime>
      <ModuleName>System.Text.Encoding.Extensions</ModuleName>
      <Classes />
    </Module>
    <Module skippedDueTo="Filter" hash="B9-42-D9-B5-4A-08-B2-68-E4-8E-CC-E2-ED-F1-5F-E0-F2-78-3D-D4">
      <ModulePath>C:\Program Files\dotnet\shared\Microsoft.NETCore.App\6.0.8\System.Diagnostics.Tracing.dll</ModulePath>
      <ModuleTime>2022-07-22T18:46:30Z</ModuleTime>
      <ModuleName>System.Diagnostics.Tracing</ModuleName>
      <Classes />
    </Module>
    <Module skippedDueTo="Filter" hash="85-42-29-1B-25-FB-0A-B5-1F-94-2B-30-DA-0F-30-CF-CE-A4-D2-56">
      <ModulePath>C:\Program Files\dotnet\sdk\6.0.400\Microsoft.TestPlatform.PlatformAbstractions.dll</ModulePath>
      <ModuleTime>2022-07-22T19:22:30Z</ModuleTime>
      <ModuleName>Microsoft.TestPlatform.PlatformAbstractions</ModuleName>
      <Classes />
    </Module>
    <Module skippedDueTo="Filter" hash="A4-18-D6-27-B7-ED-68-DD-E3-0D-FA-FE-A8-9F-87-78-A4-3B-1E-49">
      <ModulePath>C:\Program Files\dotnet\shared\Microsoft.NETCore.App\6.0.8\System.Collections.dll</ModulePath>
      <ModuleTime>2022-07-22T18:45:46Z</ModuleTime>
      <ModuleName>System.Collections</ModuleName>
      <Classes />
    </Module>
    <Module skippedDueTo="Filter" hash="E0-0C-EE-C9-FB-A0-48-29-98-13-50-C1-FD-1E-29-24-83-83-DA-25">
      <ModulePath>C:\Program Files\dotnet\shared\Microsoft.NETCore.App\6.0.8\System.Diagnostics.TraceSource.dll</ModulePath>
      <ModuleTime>2022-07-22T18:45:50Z</ModuleTime>
      <ModuleName>System.Diagnostics.TraceSource</ModuleName>
      <Classes />
    </Module>
    <Module skippedDueTo="Filter" hash="F6-23-5C-E2-AB-15-DB-67-D3-15-D1-A8-29-2C-73-89-5D-5F-BC-85">
      <ModulePath>C:\Program Files\dotnet\sdk\6.0.400\Microsoft.VisualStudio.TestPlatform.ObjectModel.dll</ModulePath>
      <ModuleTime>2022-07-22T19:22:30Z</ModuleTime>
      <ModuleName>Microsoft.VisualStudio.TestPlatform.ObjectModel</ModuleName>
      <Classes />
    </Module>
    <Module skippedDueTo="Filter" hash="52-6D-98-43-7C-35-88-56-83-77-DC-25-F1-FB-68-A1-58-46-88-47">
      <ModulePath>C:\Program Files\dotnet\sdk\6.0.400\Microsoft.VisualStudio.TestPlatform.Client.dll</ModulePath>
      <ModuleTime>2022-07-22T19:22:30Z</ModuleTime>
      <ModuleName>Microsoft.VisualStudio.TestPlatform.Client</ModuleName>
      <Classes />
    </Module>
    <Module skippedDueTo="Filter" hash="C6-1A-6E-2C-43-B3-9C-86-C6-45-52-9D-A9-1E-7A-82-EC-74-F9-DE">
      <ModulePath>C:\Program Files\dotnet\sdk\6.0.400\Microsoft.VisualStudio.TestPlatform.Common.dll</ModulePath>
      <ModuleTime>2022-07-22T19:22:30Z</ModuleTime>
      <ModuleName>Microsoft.VisualStudio.TestPlatform.Common</ModuleName>
      <Classes />
    </Module>
    <Module skippedDueTo="Filter" hash="5C-42-EC-60-46-B7-54-FE-84-9E-B5-D8-4A-44-C9-24-5A-C7-DD-AF">
      <ModulePath>C:\Program Files\dotnet\shared\Microsoft.NETCore.App\6.0.8\System.Linq.dll</ModulePath>
      <ModuleTime>2022-07-22T18:46:12Z</ModuleTime>
      <ModuleName>System.Linq</ModuleName>
      <Classes />
    </Module>
    <Module skippedDueTo="Filter" hash="D4-52-CB-88-A4-2A-02-DC-91-79-11-33-5A-CA-C6-BB-B2-A1-1A-F9">
      <ModulePath>C:\Program Files\dotnet\shared\Microsoft.NETCore.App\6.0.8\System.Collections.Concurrent.dll</ModulePath>
      <ModuleTime>2022-07-22T18:45:52Z</ModuleTime>
      <ModuleName>System.Collections.Concurrent</ModuleName>
      <Classes />
    </Module>
    <Module skippedDueTo="Filter" hash="B6-20-00-5C-73-82-14-75-6A-AC-A0-41-57-F1-22-B6-8E-7B-33-E2">
      <ModulePath>C:\Program Files\dotnet\shared\Microsoft.NETCore.App\6.0.8\System.Runtime.InteropServices.dll</ModulePath>
      <ModuleTime>2022-07-22T18:46:18Z</ModuleTime>
      <ModuleName>System.Runtime.InteropServices</ModuleName>
      <Classes />
    </Module>
    <Module skippedDueTo="Filter" hash="34-A7-40-0C-86-9C-A5-BC-3D-7C-18-69-2B-D0-DF-11-90-49-18-A8">
      <ModulePath>C:\Program Files\dotnet\shared\Microsoft.NETCore.App\6.0.8\System.Runtime.InteropServices.RuntimeInformation.dll</ModulePath>
      <ModuleTime>2022-07-22T18:46:18Z</ModuleTime>
      <ModuleName>System.Runtime.InteropServices.RuntimeInformation</ModuleName>
      <Classes />
    </Module>
    <Module skippedDueTo="Filter" hash="23-03-2D-4B-8E-2F-7E-57-99-CF-DE-C5-CA-B2-4D-B1-34-A3-20-00">
      <ModulePath>C:\Program Files\dotnet\shared\Microsoft.NETCore.App\6.0.8\System.Resources.ResourceManager.dll</ModulePath>
      <ModuleTime>2022-07-22T18:46:32Z</ModuleTime>
      <ModuleName>System.Resources.ResourceManager</ModuleName>
      <Classes />
    </Module>
    <Module skippedDueTo="Filter" hash="57-F7-CE-E0-C2-78-48-E0-D2-6C-8E-DC-25-0A-9A-47-B5-DD-D4-12">
      <ModulePath>C:\Program Files\dotnet\shared\Microsoft.NETCore.App\6.0.8\System.Collections.NonGeneric.dll</ModulePath>
      <ModuleTime>2022-07-22T18:45:48Z</ModuleTime>
      <ModuleName>System.Collections.NonGeneric</ModuleName>
      <Classes />
    </Module>
    <Module skippedDueTo="Filter" hash="69-A4-94-5D-65-82-2E-70-60-82-6B-CD-69-83-5D-5C-9A-75-15-F6">
      <ModulePath>C:\Program Files\dotnet\shared\Microsoft.NETCore.App\6.0.8\Microsoft.Win32.Primitives.dll</ModulePath>
      <ModuleTime>2022-07-22T18:45:46Z</ModuleTime>
      <ModuleName>Microsoft.Win32.Primitives</ModuleName>
      <Classes />
    </Module>
    <Module skippedDueTo="Filter" hash="43-F6-46-06-54-1B-0D-35-C4-1F-AB-62-B2-91-7F-36-AF-87-07-10">
      <ModulePath>C:\Program Files\dotnet\shared\Microsoft.NETCore.App\6.0.8\System.Memory.dll</ModulePath>
      <ModuleTime>2022-07-22T18:46:12Z</ModuleTime>
      <ModuleName>System.Memory</ModuleName>
      <Classes />
    </Module>
    <Module skippedDueTo="Filter" hash="1A-17-8B-AC-CF-BF-0F-90-67-A3-1C-C3-36-5D-06-04-D6-0D-92-E3">
      <ModulePath>C:\Program Files\dotnet\shared\Microsoft.NETCore.App\6.0.8\System.Threading.Thread.dll</ModulePath>
      <ModuleTime>2022-07-22T18:46:34Z</ModuleTime>
      <ModuleName>System.Threading.Thread</ModuleName>
      <Classes />
    </Module>
    <Module skippedDueTo="Filter" hash="14-F8-F6-AA-3F-1F-D6-16-56-57-D3-FB-B0-C8-04-11-91-36-18-09">
      <ModulePath>C:\Program Files\dotnet\shared\Microsoft.NETCore.App\6.0.8\System.Xml.ReaderWriter.dll</ModulePath>
      <ModuleTime>2022-07-22T18:45:30Z</ModuleTime>
      <ModuleName>System.Xml.ReaderWriter</ModuleName>
      <Classes />
    </Module>
    <Module skippedDueTo="Filter" hash="AC-87-87-11-27-13-B7-AC-AC-AF-DF-03-8C-E7-38-F3-DB-6F-08-B7">
      <ModulePath>C:\Program Files\dotnet\shared\Microsoft.NETCore.App\6.0.8\System.Private.Xml.dll</ModulePath>
      <ModuleTime>2022-07-22T18:46:16Z</ModuleTime>
      <ModuleName>System.Private.Xml</ModuleName>
      <Classes />
    </Module>
    <Module skippedDueTo="Filter" hash="59-9E-8B-B8-C2-25-5A-13-E8-73-55-E8-1B-D9-7C-ED-F8-A8-29-DD">
      <ModulePath>C:\Program Files\dotnet\sdk\6.0.400\Microsoft.TestPlatform.Utilities.dll</ModulePath>
      <ModuleTime>2022-07-22T19:22:28Z</ModuleTime>
      <ModuleName>Microsoft.TestPlatform.Utilities</ModuleName>
      <Classes />
    </Module>
    <Module skippedDueTo="Filter" hash="6D-3E-57-B4-E3-F9-4A-6E-07-89-7A-F7-F2-72-A5-85-E2-1B-4A-62">
      <ModulePath>C:\Program Files\dotnet\shared\Microsoft.NETCore.App\6.0.8\System.IO.FileSystem.dll</ModulePath>
      <ModuleTime>2022-07-22T18:44:54Z</ModuleTime>
      <ModuleName>System.IO.FileSystem</ModuleName>
      <Classes />
    </Module>
    <Module skippedDueTo="Filter" hash="4F-28-86-24-05-4A-69-94-4C-E8-6A-2B-37-1B-7C-67-F4-63-1F-97">
      <ModulePath>C:\Program Files\dotnet\sdk\6.0.400\NuGet.Frameworks.dll</ModulePath>
      <ModuleTime>2022-07-22T19:22:32Z</ModuleTime>
      <ModuleName>NuGet.Frameworks</ModuleName>
      <Classes />
    </Module>
    <Module skippedDueTo="Filter" hash="AF-66-9B-A4-F8-1B-7F-61-4B-8A-33-5C-C5-6B-36-90-37-DF-95-4C">
      <ModulePath>C:\Program Files\dotnet\shared\Microsoft.NETCore.App\6.0.8\System.Private.Uri.dll</ModulePath>
      <ModuleTime>2022-07-22T18:46:14Z</ModuleTime>
      <ModuleName>System.Private.Uri</ModuleName>
      <Classes />
    </Module>
    <Module skippedDueTo="Filter" hash="63-65-2F-58-37-A3-F2-A9-1A-69-C0-81-A9-B9-11-9C-0F-BA-5A-95">
      <ModulePath>C:\Program Files\dotnet\shared\Microsoft.NETCore.App\6.0.8\System.Runtime.CompilerServices.Unsafe.dll</ModulePath>
      <ModuleTime>2022-07-22T18:46:16Z</ModuleTime>
      <ModuleName>System.Runtime.CompilerServices.Unsafe</ModuleName>
      <Classes />
    </Module>
    <Module skippedDueTo="Filter" hash="12-E0-5A-AA-52-C3-FD-58-35-30-39-CA-0F-C9-00-E3-50-47-B3-DE">
      <ModulePath>C:\Program Files\dotnet\shared\Microsoft.NETCore.App\6.0.8\System.Threading.ThreadPool.dll</ModulePath>
      <ModuleTime>2022-07-22T18:46:34Z</ModuleTime>
      <ModuleName>System.Threading.ThreadPool</ModuleName>
      <Classes />
    </Module>
    <Module skippedDueTo="Filter" hash="4E-BB-1E-54-8F-0C-2B-88-46-1D-27-AD-3F-DF-E1-B6-A9-06-A4-A3">
      <ModulePath>C:\Program Files\dotnet\sdk\6.0.400\Microsoft.Extensions.FileSystemGlobbing.dll</ModulePath>
      <ModuleTime>2022-07-22T19:19:22Z</ModuleTime>
      <ModuleName>Microsoft.Extensions.FileSystemGlobbing</ModuleName>
      <Classes />
    </Module>
    <Module skippedDueTo="Filter" hash="F8-73-E5-37-27-13-34-81-5D-D6-CF-33-EC-66-DD-10-12-B5-57-C3">
      <ModulePath>C:\Program Files\dotnet\sdk\6.0.400\Microsoft.TestPlatform.CrossPlatEngine.dll</ModulePath>
      <ModuleTime>2022-07-22T19:22:28Z</ModuleTime>
      <ModuleName>Microsoft.TestPlatform.CrossPlatEngine</ModuleName>
      <Classes />
    </Module>
    <Module skippedDueTo="Filter" hash="F2-C1-C9-1A-16-52-37-BD-CF-20-56-81-00-26-68-8E-32-B3-19-4B">
      <ModulePath>C:\Program Files\dotnet\shared\Microsoft.NETCore.App\6.0.8\System.Runtime.Loader.dll</ModulePath>
      <ModuleTime>2022-07-22T18:46:34Z</ModuleTime>
      <ModuleName>System.Runtime.Loader</ModuleName>
      <Classes />
    </Module>
    <Module skippedDueTo="Filter" hash="F4-39-95-AA-BF-80-47-57-13-AD-AE-62-51-0E-24-CF-A9-A9-66-A6">
      <ModulePath>C:\Program Files\dotnet\sdk\6.0.400\Extensions\Microsoft.Diagnostics.NETCore.Client.dll</ModulePath>
      <ModuleTime>2022-07-22T19:19:50Z</ModuleTime>
      <ModuleName>Microsoft.Diagnostics.NETCore.Client</ModuleName>
      <Classes />
    </Module>
    <Module skippedDueTo="Filter" hash="A4-41-7F-1F-02-8C-FE-77-BA-05-C7-0A-41-70-18-2B-EF-27-CD-08">
      <ModulePath>C:\Program Files\dotnet\shared\Microsoft.NETCore.App\6.0.8\System.Reflection.Metadata.dll</ModulePath>
      <ModuleTime>2022-07-22T18:46:18Z</ModuleTime>
      <ModuleName>System.Reflection.Metadata</ModuleName>
      <Classes />
    </Module>
    <Module skippedDueTo="Filter" hash="F4-39-95-AA-BF-80-47-57-13-AD-AE-62-51-0E-24-CF-A9-A9-66-A6">
      <ModulePath>C:\Program Files\dotnet\sdk\6.0.400\Extensions\Microsoft.Diagnostics.NETCore.Client.dll</ModulePath>
      <ModuleTime>2022-07-22T19:19:50Z</ModuleTime>
      <ModuleName>Microsoft.Diagnostics.NETCore.Client</ModuleName>
      <Classes />
    </Module>
    <Module skippedDueTo="Filter" hash="7E-3A-06-7A-AD-6A-B9-E6-7E-AA-06-A0-3F-B0-E9-DC-38-20-71-2D">
      <ModulePath>C:\Program Files\dotnet\shared\Microsoft.NETCore.App\6.0.8\System.Collections.Immutable.dll</ModulePath>
      <ModuleTime>2022-07-22T18:45:50Z</ModuleTime>
      <ModuleName>System.Collections.Immutable</ModuleName>
      <Classes />
    </Module>
    <Module skippedDueTo="Filter" hash="75-01-B3-E1-CC-1A-C3-41-47-34-A6-E1-43-DC-86-A5-70-56-52-71">
[...]
      <ModuleTime>2022-09-13T15:54:07.685807Z</ModuleTime>
      <ModuleName>PianoSimulationTests</ModuleName>
      <Files>
        <File uid="1" fullPath="C:\Users\amina\.nuget\packages\microsoft.net.test.sdk\16.5.0\build\netcoreapp2.1\Microsoft.NET.Test.Sdk.Program.cs" />
        <File uid="2" fullPath="C:\Users\amina\Documents\CompSci\Prog5\Assign1\assignment1_prog5_piano\Assignment1\PianoSimulationTests\PianoSimulationTests.cs" />
      </Files>
      <Classes>
        <Class>
          <Summary numSequencePoints="0" visitedSequencePoints="0" numBranchPoints="0" visitedBranchPoints="0" sequenceCoverage="0" branchCoverage="0" maxCyclomaticComplexity="0" minCyclomaticComplexity="0" maxCrapScore="0" minCrapScore="0" visitedClasses="0" numClasses="0" visitedMethods="0" numMethods="0" />
          <FullName>&lt;Module&gt;</FullName>
          <Methods />
        </Class>
        <Class>
          <Summary numSequencePoints="2" visitedSequencePoints="0" numBranchPoints="1" visitedBranchPoints="0" sequenceCoverage="0" branchCoverage="0" maxCyclomaticComplexity="1" minCyclomaticComplexity="1" maxCrapScore="2" minCrapScore="2" visitedClasses="0" numClasses="1" visitedMethods="0" numMethods="1" />
          <FullName>AutoGeneratedProgram</FullName>
          <Methods>
            <Method visited="false" cyclomaticComplexity="1" nPathComplexity="0" sequenceCoverage="0" branchCoverage="0" crapScore="2" isConstructor="false" isStatic="true" isGetter="false" isSetter="false">
              <Summary numSequencePoints="2" visitedSequencePoints="0" numBranchPoints="1" visitedBranchPoints="0" sequenceCoverage="0" branchCoverage="0" maxCyclomaticComplexity="1" minCyclomaticComplexity="1" maxCrapScore="2" minCrapScore="2" visitedClasses="0" numClasses="0" visitedMethods="0" numMethods="1" />
              <MetadataToken>100663297</MetadataToken>
              <Name>System.Void AutoGeneratedProgram::Main(System.String[])</Name>
              <FileRef uid="1" />
              <SequencePoints>
                <SequencePoint vc="0" uspid="1" ordinal="0" offset="0" sl="4" sc="60" el="4" ec="61" bec="0" bev="0" fileid="1" />
                <SequencePoint vc="0" uspid="2" ordinal="1" offset="1" sl="4" sc="61" el="4" ec="62" bec="0" bev="0" fileid="1" />
              </SequencePoints>
              <BranchPoints />
              <MethodPoint xsi:type="SequencePoint" vc="0" uspid="1" ordinal="0" offset="0" sl="4" sc="60" el="4" ec="61" bec="0" bev="0" fileid="1" />
            </Method>
            <Method visited="false" cyclomaticComplexity="1" nPathComplexity="0" sequenceCoverage="0" branchCoverage="0" crapScore="2" isConstructor="true" isStatic="false" isGetter="false" isSetter="false">
              <Summary numSequencePoints="0" visitedSequencePoints="0" numBranchPoints="0" visitedBranchPoints="0" sequenceCoverage="0" branchCoverage="0" maxCyclomaticComplexity="1" minCyclomaticComplexity="1" maxCrapScore="2" minCrapScore="2" visitedClasses="0" numClasses="0" visitedMethods="0" numMethods="0" />
              <MetadataToken>100663298</MetadataToken>
              <Name>System.Void AutoGeneratedProgram::.ctor()</Name>
              <SequencePoints />
              <BranchPoints />
              <MethodPoint vc="0" uspid="3" ordinal="0" offset="0" />
            </Method>
          </Methods>
        </Class>
        <Class>
          <Summary numSequencePoints="48" visitedSequencePoints="48" numBranchPoints="7" visitedBranchPoints="5" sequenceCoverage="100" branchCoverage="71.43" maxCyclomaticComplexity="4" minCyclomaticComplexity="1" maxCrapScore="4" minCrapScore="1" visitedClasses="1" numClasses="1" visitedMethods="3" numMethods="3" />
          <FullName>PianoSimulationTests.PianoSimulationTests</FullName>
          <Methods>
            <Method visited="true" cyclomaticComplexity="1" nPathComplexity="0" sequenceCoverage="100" branchCoverage="100" crapScore="1" isConstructor="false" isStatic="false" isGetter="false" isSetter="false">
              <Summary numSequencePoints="22" visitedSequencePoints="22" numBranchPoints="1" visitedBranchPoints="1" sequenceCoverage="100" branchCoverage="100" maxCyclomaticComplexity="1" minCyclomaticComplexity="1" maxCrapScore="1" minCrapScore="1" visitedClasses="0" numClasses="0" visitedMethods="1" numMethods="1" />
              <MetadataToken>100663299</MetadataToken>
              <Name>System.Void PianoSimulationTests.PianoSimulationTests::TestCircularArrayBuffer()</Name>
              <FileRef uid="2" />
              <SequencePoints>
                <SequencePoint vc="1" uspid="4" ordinal="0" offset="0" sl="12" sc="9" el="12" ec="10" bec="0" bev="0" fileid="2" />
                <SequencePoint vc="1" uspid="5" ordinal="1" offset="1" sl="13" sc="13" el="13" ec="47" bec="0" bev="0" fileid="2" />
                <SequencePoint vc="1" uspid="6" ordinal="2" offset="8" sl="14" sc="13" el="14" ec="53" bec="0" bev="0" fileid="2" />
                <SequencePoint vc="1" uspid="7" ordinal="3" offset="26" sl="17" sc="13" el="17" ec="39" bec="0" bev="0" fileid="2" />
                <SequencePoint vc="1" uspid="8" ordinal="4" offset="34" sl="18" sc="13" el="18" ec="47" bec="0" bev="0" fileid="2" />
                <SequencePoint vc="1" uspid="9" ordinal="5" offset="47" sl="19" sc="13" el="19" ec="51" bec="0" bev="0" fileid="2" />
                <SequencePoint vc="1" uspid="10" ordinal="6" offset="60" sl="20" sc="13" el="20" ec="45" bec="0" bev="0" fileid="2" />
                <SequencePoint vc="1" uspid="11" ordinal="7" offset="82" sl="24" sc="13" el="24" ec="51" bec="0" bev="0" fileid="2" />
                <SequencePoint vc="1" uspid="12" ordinal="8" offset="112" sl="26" sc="13" el="26" ec="51" bec="0" bev="0" fileid="2" />
                <SequencePoint vc="1" uspid="13" ordinal="9" offset="125" sl="27" sc="13" el="27" ec="45" bec="0" bev="0" fileid="2" />
                <SequencePoint vc="1" uspid="14" ordinal="10" offset="147" sl="28" sc="13" el="28" ec="45" bec="0" bev="0" fileid="2" />
                <SequencePoint vc="1" uspid="15" ordinal="11" offset="169" sl="29" sc="13" el="29" ec="43" bec="0" bev="0" fileid="2" />
                <SequencePoint vc="1" uspid="16" ordinal="12" offset="191" sl="30" sc="13" el="30" ec="53" bec="0" bev="0" fileid="2" />
                <SequencePoint vc="1" uspid="17" ordinal="13" offset="221" sl="32" sc="13" el="32" ec="51" bec="0" bev="0" fileid="2" />
                <SequencePoint vc="1" uspid="18" ordinal="14" offset="234" sl="33" sc="13" el="33" ec="45" bec="0" bev="0" fileid="2" />
                <SequencePoint vc="1" uspid="19" ordinal="15" offset="256" sl="34" sc="13" el="34" ec="43" bec="0" bev="0" fileid="2" />
                <SequencePoint vc="1" uspid="20" ordinal="16" offset="278" sl="35" sc="13" el="35" ec="45" bec="0" bev="0" fileid="2" />
                <SequencePoint vc="1" uspid="21" ordinal="17" offset="300" sl="38" sc="13" el="38" ec="31" bec="0" bev="0" fileid="2" />
                <SequencePoint vc="1" uspid="22" ordinal="18" offset="316" sl="40" sc="13" el="40" ec="43" bec="0" bev="0" fileid="2" />
                <SequencePoint vc="1" uspid="23" ordinal="19" offset="338" sl="41" sc="13" el="41" ec="45" bec="0" bev="0" fileid="2" />
                <SequencePoint vc="1" uspid="24" ordinal="20" offset="360" sl="42" sc="13" el="42" ec="45" bec="0" bev="0" fileid="2" />
                <SequencePoint vc="1" uspid="25" ordinal="21" offset="382" sl="44" sc="9" el="44" ec="10" bec="0" bev="0" fileid="2" />
              </SequencePoints>
              <BranchPoints />
              <MethodPoint xsi:type="SequencePoint" vc="1" uspid="4" ordinal="0" offset="0" sl="12" sc="9" el="12" ec="10" bec="0" bev="0" fileid="2" />
            </Method>
            <Method visited="true" cyclomaticComplexity="4" nPathComplexity="4" sequenceCoverage="100" branchCoverage="60" crapScore="4" isConstructor="false" isStatic="false" isGetter="false" isSetter="false">
              <Summary numSequencePoints="20" visitedSequencePoints="20" numBranchPoints="5" visitedBranchPoints="3" sequenceCoverage="100" branchCoverage="60" maxCyclomaticComplexity="4" minCyclomaticComplexity="4" maxCrapScore="4" minCrapScore="4" visitedClasses="0" numClasses="0" visitedMethods="1" numMethods="1" />
              <MetadataToken>100663300</MetadataToken>
              <Name>System.Void PianoSimulationTests.PianoSimulationTests::TestPianoWire()</Name>
              <FileRef uid="2" />
              <SequencePoints>
                <SequencePoint vc="1" uspid="26" ordinal="0" offset="0" sl="48" sc="9" el="48" ec="10" bec="0" bev="0" fileid="2" />
                <SequencePoint vc="1" uspid="27" ordinal="1" offset="1" sl="49" sc="13" el="49" ec="55" bec="0" bev="0" fileid="2" />
                <SequencePoint vc="1" uspid="28" ordinal="2" offset="25" sl="51" sc="13" el="51" ec="59" bec="0" bev="0" fileid="2" />
                <SequencePoint vc="1" uspid="29" ordinal="3" offset="46" sl="52" sc="13" el="52" ec="61" bec="0" bev="0" fileid="2" />
                <SequencePoint vc="1" uspid="30" ordinal="4" offset="60" sl="53" sc="13" el="53" ec="66" bec="0" bev="0" fileid="2" />
                <SequencePoint vc="1" uspid="31" ordinal="5" offset="79" sl="57" sc="13" el="57" ec="32" bec="0" bev="0" fileid="2" />
                <SequencePoint vc="1" uspid="32" ordinal="6" offset="86" sl="58" sc="13" el="58" ec="32" bec="0" bev="0" fileid="2" />
                <SequencePoint vc="1" uspid="33" ordinal="7" offset="88" sl="59" sc="18" el="59" ec="25" bec="0" bev="0" fileid="2" />
                <SequencePoint vc="100" uspid="34" ordinal="8" offset="92" sl="60" sc="13" el="60" ec="14" bec="0" bev="0" fileid="2" />
                <SequencePoint vc="100" uspid="35" ordinal="9" offset="93" sl="61" sc="18" el="61" ec="94" bec="4" bev="2" fileid="2" />
                <SequencePoint vc="100" uspid="36" ordinal="10" offset="151" sl="62" sc="18" el="62" ec="19" bec="0" bev="0" fileid="2" />
                <SequencePoint vc="100" uspid="37" ordinal="11" offset="152" sl="63" sc="21" el="63" ec="36" bec="0" bev="0" fileid="2" />
                <SequencePoint vc="100" uspid="38" ordinal="12" offset="154" sl="64" sc="18" el="64" ec="19" bec="0" bev="0" fileid="2" />
                <SequencePoint vc="100" uspid="39" ordinal="13" offset="155" sl="65" sc="13" el="65" ec="14" bec="0" bev="0" fileid="2" />
                <SequencePoint vc="100" uspid="40" ordinal="14" offset="156" sl="59" sc="61" el="59" ec="64" bec="0" bev="0" fileid="2" />
                <SequencePoint vc="101" uspid="41" ordinal="15" offset="160" sl="59" sc="27" el="59" ec="59" bec="0" bev="0" fileid="2" />
                <SequencePoint vc="1" uspid="42" ordinal="16" offset="180" sl="66" sc="13" el="66" ec="36" bec="0" bev="0" fileid="2" />
                <SequencePoint vc="1" uspid="43" ordinal="17" offset="187" sl="69" sc="13" el="69" ec="60" bec="0" bev="0" fileid="2" />
                <SequencePoint vc="1" uspid="44" ordinal="18" offset="200" sl="70" sc="13" el="70" ec="61" bec="0" bev="0" fileid="2" />
                <SequencePoint vc="1" uspid="45" ordinal="19" offset="222" sl="71" sc="9" el="71" ec="10" bec="0" bev="0" fileid="2" />
              </SequencePoints>
              <BranchPoints>
                <BranchPoint vc="0" uspid="46" ordinal="0" offset="114" sl="61" path="0" offsetend="116" fileid="2" />
                <BranchPoint vc="100" uspid="47" ordinal="1" offset="114" sl="61" path="1" offsetend="144" fileid="2" />
                <BranchPoint vc="100" uspid="48" ordinal="2" offset="149" sl="61" path="0" offsetend="151" fileid="2" />
                <BranchPoint vc="0" uspid="49" ordinal="3" offset="149" sl="61" path="1" offsetend="155" fileid="2" />
              </BranchPoints>
              <MethodPoint xsi:type="SequencePoint" vc="1" uspid="26" ordinal="0" offset="0" sl="48" sc="9" el="48" ec="10" bec="0" bev="0" fileid="2" />
            </Method>
            <Method visited="true" cyclomaticComplexity="1" nPathComplexity="0" sequenceCoverage="100" branchCoverage="100" crapScore="1" isConstructor="false" isStatic="false" isGetter="false" isSetter="false">
              <Summary numSequencePoints="6" visitedSequencePoints="6" numBranchPoints="1" visitedBranchPoints="1" sequenceCoverage="100" branchCoverage="100" maxCyclomaticComplexity="1" minCyclomaticComplexity="1" maxCrapScore="1" minCrapScore="1" visitedClasses="0" numClasses="0" visitedMethods="1" numMethods="1" />
              <MetadataToken>100663301</MetadataToken>
              <Name>System.Void PianoSimulationTests.PianoSimulationTests::TestPiano()</Name>
              <FileRef uid="2" />
              <SequencePoints>
                <SequencePoint vc="1" uspid="50" ordinal="0" offset="0" sl="75" sc="9" el="75" ec="10" bec="0" bev="0" fileid="2" />
                <SequencePoint vc="1" uspid="51" ordinal="1" offset="1" sl="76" sc="13" el="76" ec="37" bec="0" bev="0" fileid="2" />
                <SequencePoint vc="1" uspid="52" ordinal="2" offset="17" sl="78" sc="13" el="78" ec="67" bec="0" bev="0" fileid="2" />
                <SequencePoint vc="1" uspid="53" ordinal="3" offset="45" sl="79" sc="13" el="79" ec="64" bec="0" bev="0" fileid="2" />
                <SequencePoint vc="1" uspid="54" ordinal="4" offset="77" sl="82" sc="13" el="82" ec="76" bec="0" bev="0" fileid="2" />
                <SequencePoint vc="1" uspid="55" ordinal="5" offset="105" sl="83" sc="9" el="83" ec="10" bec="0" bev="0" fileid="2" />
              </SequencePoints>
              <BranchPoints />
              <MethodPoint xsi:type="SequencePoint" vc="1" uspid="50" ordinal="0" offset="0" sl="75" sc="9" el="75" ec="10" bec="0" bev="0" fileid="2" />
            </Method>
            <Method visited="false" cyclomaticComplexity="1" nPathComplexity="0" sequenceCoverage="0" branchCoverage="0" crapScore="2" isConstructor="true" isStatic="false" isGetter="false" isSetter="false">
              <Summary numSequencePoints="0" visitedSequencePoints="0" numBranchPoints="0" visitedBranchPoints="0" sequenceCoverage="0" branchCoverage="0" maxCyclomaticComplexity="1" minCyclomaticComplexity="1" maxCrapScore="2" minCrapScore="2" visitedClasses="0" numClasses="0" visitedMethods="0" numMethods="0" />
              <MetadataToken>100663302</MetadataToken>
              <Name>System.Void PianoSimulationTests.PianoSimulationTests::.ctor()</Name>
              <SequencePoints />
              <BranchPoints />
              <MethodPoint vc="0" uspid="56" ordinal="0" offset="0" />
            </Method>
          </Methods>
        </Class>
        <Class>
          <Summary numSequencePoints="0" visitedSequencePoints="0" numBranchPoints="0" visitedBranchPoints="0" sequenceCoverage="0" branchCoverage="0" maxCyclomaticComplexity="0" minCyclomaticComplexity="0" maxCrapScore="0" minCrapScore="0" visitedClasses="0" numClasses="0" visitedMethods="0" numMethods="0" />
          <FullName>&lt;PrivateImplementationDetails&gt;</FullName>
          <Methods />
        </Class>
      </Classes>
    </Module>
    <Module skippedDueTo="Filter" hash="F8-3B-9C-57-2F-28-FD-25-EC-37-BF-AC-4F-6F-B8-16-2D-45-A9-73">
      <ModulePath>C:\Program Files\dotnet\shared\Microsoft.NETCore.App\3.1.28\System.IO.FileSystem.Primitives.dll</ModulePath>
      <ModuleTime>2022-07-14T01:29:32Z</ModuleTime>
      <ModuleName>System.IO.FileSystem.Primitives</ModuleName>
      <Classes />
    </Module>
    <Module skippedDueTo="Filter" hash="48-69-8F-D3-34-45-06-46-29-98-3A-0A-71-C5-1A-6D-78-02-46-35">
      <ModulePath>C:\Users\amina\Documents\CompSci\Prog5\Assign1\assignment1_prog5_piano\Assignment1\PianoSimulationTests\bin\Debug\netcoreapp3.1\Microsoft.VisualStudio.TestPlatform.TestFramework.Extensions.dll</ModulePath>
      <ModuleTime>2020-02-03T09:43:06Z</ModuleTime>
      <ModuleName>Microsoft.VisualStudio.TestPlatform.TestFramework.Extensions</ModuleName>
      <Classes />
    </Module>
    <Module skippedDueTo="Filter" hash="FE-92-18-EC-ED-30-E5-A9-0F-6F-CD-CF-EB-A8-4F-EC-1A-51-53-44">
      <ModulePath>C:\Program Files\dotnet\shared\Microsoft.NETCore.App\3.1.28\System.ComponentModel.TypeConverter.dll</ModulePath>
      <ModuleTime>2022-07-14T01:29:02Z</ModuleTime>
      <ModuleName>System.ComponentModel.TypeConverter</ModuleName>
      <Classes />
    </Module>
    <Module skippedDueTo="Filter" hash="1A-0B-16-64-14-9D-12-68-A2-C9-FD-94-07-AD-8F-00-1C-66-2A-1A">
      <ModulePath>C:\Program Files\dotnet\shared\Microsoft.NETCore.App\3.1.28\System.Collections.Concurrent.dll</ModulePath>
      <ModuleTime>2022-07-14T01:29:26Z</ModuleTime>
      <ModuleName>System.Collections.Concurrent</ModuleName>
      <Classes />
    </Module>
    <Module skippedDueTo="Filter" hash="24-AF-65-DC-29-64-AE-66-6F-47-EE-93-38-48-32-48-B7-23-71-1C">
      <ModulePath>C:\Program Files\dotnet\shared\Microsoft.NETCore.App\3.1.28\System.Diagnostics.TextWriterTraceListener.dll</ModulePath>
      <ModuleTime>2022-07-14T01:29:30Z</ModuleTime>
      <ModuleName>System.Diagnostics.TextWriterTraceListener</ModuleName>
      <Classes />
    </Module>
    <Module skippedDueTo="Filter" hash="0D-D7-F8-36-65-2C-3D-2F-27-E2-C1-C1-F4-01-85-9E-28-DE-9C-C1">
      <ModulePath>C:\Program Files\dotnet\shared\Microsoft.NETCore.App\3.1.28\System.Console.dll</ModulePath>
      <ModuleTime>2022-07-14T01:29:26Z</ModuleTime>
      <ModuleName>System.Console</ModuleName>
      <Classes />
    </Module>
    <Module skippedDueTo="Filter" hash="3D-5D-C0-AD-0F-32-B7-80-39-6B-CF-90-40-24-45-AC-57-99-67-69">
      <ModulePath>C:\Users\amina\Documents\CompSci\Prog5\Assign1\assignment1_prog5_piano\Assignment1\PianoSimulationTests\bin\Debug\netcoreapp3.1\PianoSimulation.dll</ModulePath>
      <ModuleTime>2022-09-13T15:54:07.1564874Z</ModuleTime>
      <ModuleName>PianoSimulation</ModuleName>
      <Classes />
    </Module>
    <Module skippedDueTo="Filter" hash="E9-6E-5E-3A-F1-ED-E0-8A-34-BA-58-D3-3D-D9-B2-3D-E6-AB-F6-82">
      <ModulePath>C:\Program Files\dotnet\shared\Microsoft.NETCore.App\3.1.28\System.Security.Cryptography.Primitives.dll</ModulePath>
      <ModuleTime>2022-07-14T01:29:22Z</ModuleTime>
      <ModuleName>System.Security.Cryptography.Primitives</ModuleName>
      <Classes />
    </Module>
    <Module skippedDueTo="Filter" hash="A0-B0-3E-AF-40-FB-3B-35-91-DE-49-95-C8-7C-9C-55-51-7F-00-50">
      <ModulePath>C:\Program Files\dotnet\shared\Microsoft.NETCore.App\6.0.8\System.Runtime.Serialization.Json.dll</ModulePath>
      <ModuleTime>2022-07-22T18:44:56Z</ModuleTime>
      <ModuleName>System.Runtime.Serialization.Json</ModuleName>
      <Classes />
    </Module>
    <Module skippedDueTo="Filter" hash="4D-57-9B-69-11-54-D3-B5-75-20-A3-FB-8E-EB-24-BB-13-DF-83-AA">
      <ModulePath>C:\Program Files\dotnet\shared\Microsoft.NETCore.App\6.0.8\System.Private.DataContractSerialization.dll</ModulePath>
      <ModuleTime>2022-07-22T18:46:18Z</ModuleTime>
      <ModuleName>System.Private.DataContractSerialization</ModuleName>
      <Classes />
    </Module>
    <Module skippedDueTo="Filter" hash="B2-FF-28-D6-1A-CD-2A-29-4A-80-D1-A9-AB-AF-1E-B0-61-36-A1-01">
      <ModulePath>C:\Program Files\dotnet\shared\Microsoft.NETCore.App\6.0.8\System.Runtime.Serialization.Xml.dll</ModulePath>
      <ModuleTime>2022-07-22T18:45:26Z</ModuleTime>
      <ModuleName>System.Runtime.Serialization.Xml</ModuleName>
      <Classes />
    </Module>
    <Module skippedDueTo="Filter" hash="E5-D8-2E-97-90-54-D4-AD-5D-26-5F-91-BA-BD-22-8F-64-2D-ED-B7">
      <ModulePath>C:\Program Files\dotnet\shared\Microsoft.NETCore.App\6.0.8\System.Text.RegularExpressions.dll</ModulePath>
      <ModuleTime>2022-07-22T18:46:22Z</ModuleTime>
      <ModuleName>System.Text.RegularExpressions</ModuleName>
      <Classes />
    </Module>
  </Modules>
</CoverageSession>